This file contains any messages produced by compilers while
running configure, to aid debugging if configure makes a mistake.

It was created by configure, which was
generated by GNU Autoconf 2.69.  Invocation command line was

  $ ./configure --with-openssl=/usr/local/Cellar/openssl/1.0.2l/

## --------- ##
## Platform. ##
## --------- ##

hostname = BJ1682.local
uname -m = x86_64
uname -r = 18.0.0
uname -s = Darwin
uname -v = Darwin Kernel Version 18.0.0: Wed Aug 22 20:13:40 PDT 2018; root:xnu-4903.201.2~1/RELEASE_X86_64

/usr/bin/uname -p = i386
/bin/uname -X     = unknown

/bin/arch              = unknown
/usr/bin/arch -k       = unknown
/usr/convex/getsysinfo = unknown
/usr/bin/hostinfo      = Mach kernel version:
	 Darwin Kernel Version 18.0.0: Wed Aug 22 20:13:40 PDT 2018; root:xnu-4903.201.2~1/RELEASE_X86_64
Kernel configured for up to 4 processors.
2 processors are physically available.
4 processors are logically available.
Processor type: x86_64h (Intel x86-64h Haswell)
Processors active: 0 1 2 3
Primary memory available: 8.00 gigabytes
Default processor set: 376 tasks, 2294 threads, 4 processors
Load average: 2.43, Mach factor: 1.56
/bin/machine           = unknown
/usr/bin/oslevel       = unknown
/bin/universe          = unknown

PATH: /usr/local/bin
PATH: /usr/bin
PATH: /bin
PATH: /usr/sbin
PATH: /sbin
PATH: /usr/local/go/bin
PATH: /Library/Frameworks/Mono.framework/Versions/Current/Commands


## ----------- ##
## Core tests. ##
## ----------- ##

configure:2301: checking for grep that handles long lines and -e
configure:2359: result: /usr/bin/grep
configure:2364: checking for egrep
configure:2426: result: /usr/bin/grep -E
configure:2431: checking for a sed that does not truncate output
configure:2485: result: /usr/bin/sed
configure:2622: checking for cc
configure:2638: found /usr/bin/cc
configure:2649: result: cc
configure:2680: checking for C compiler version
configure:2689: cc --version >&5
Apple LLVM version 8.0.0 (clang-800.0.38)
Target: x86_64-apple-darwin18.0.0
Thread model: posix
InstalledDir: /Applications/Xcode.app/Contents/Developer/Toolchains/XcodeDefault.xctoolchain/usr/bin
configure:2700: $? = 0
configure:2689: cc -v >&5
Apple LLVM version 8.0.0 (clang-800.0.38)
Target: x86_64-apple-darwin18.0.0
Thread model: posix
InstalledDir: /Applications/Xcode.app/Contents/Developer/Toolchains/XcodeDefault.xctoolchain/usr/bin
configure:2700: $? = 0
configure:2689: cc -V >&5
clang: error: argument to '-V' is missing (expected 1 value)
clang: error: no input files
configure:2700: $? = 1
configure:2689: cc -qversion >&5
clang: error: unknown argument: '-qversion'
clang: error: no input files
configure:2700: $? = 1
configure:2720: checking whether the C compiler works
configure:2742: cc    conftest.c  >&5
configure:2746: $? = 0
configure:2794: result: yes
configure:2797: checking for C compiler default output file name
configure:2799: result: a.out
configure:2805: checking for suffix of executables
configure:2812: cc -o conftest    conftest.c  >&5
configure:2816: $? = 0
configure:2838: result: 
configure:2860: checking whether we are cross compiling
configure:2868: cc -o conftest    conftest.c  >&5
configure:2872: $? = 0
configure:2879: ./conftest
configure:2883: $? = 0
configure:2898: result: no
configure:2903: checking for suffix of object files
configure:2925: cc -c   conftest.c >&5
configure:2929: $? = 0
configure:2950: result: o
configure:2954: checking whether we are using the GNU C compiler
configure:2973: cc -c   conftest.c >&5
configure:2973: $? = 0
configure:2982: result: yes
configure:2991: checking whether cc accepts -g
configure:3011: cc -c -g  conftest.c >&5
configure:3011: $? = 0
configure:3052: result: yes
configure:3069: checking for cc option to accept ISO C89
configure:3132: cc  -c -g -O2  conftest.c >&5
configure:3132: $? = 0
configure:3145: result: none needed
configure:3171: checking how to run the C preprocessor
configure:3202: cc -E  conftest.c
configure:3202: $? = 0
configure:3216: cc -E  conftest.c
conftest.c:9:10: fatal error: 'ac_nonexistent.h' file not found
#include <ac_nonexistent.h>
         ^
1 error generated.
configure:3216: $? = 1
configure: failed program was:
| /* confdefs.h */
| #define PACKAGE_NAME ""
| #define PACKAGE_TARNAME ""
| #define PACKAGE_VERSION ""
| #define PACKAGE_STRING ""
| #define PACKAGE_BUGREPORT ""
| #define PACKAGE_URL ""
| /* end confdefs.h.  */
| #include <ac_nonexistent.h>
configure:3241: result: cc -E
configure:3261: cc -E  conftest.c
configure:3261: $? = 0
configure:3275: cc -E  conftest.c
conftest.c:9:10: fatal error: 'ac_nonexistent.h' file not found
#include <ac_nonexistent.h>
         ^
1 error generated.
configure:3275: $? = 1
configure: failed program was:
| /* confdefs.h */
| #define PACKAGE_NAME ""
| #define PACKAGE_TARNAME ""
| #define PACKAGE_VERSION ""
| #define PACKAGE_STRING ""
| #define PACKAGE_BUGREPORT ""
| #define PACKAGE_URL ""
| /* end confdefs.h.  */
| #include <ac_nonexistent.h>
configure:3306: checking for icc
configure:3315: result: no
configure:3329: checking for suncc
configure:3338: result: no
configure:3356: checking whether cc understands -c and -o together
configure:3384: cc -c conftest.c -o conftest2.o >&5
configure:3388: $? = 0
configure:3394: cc -c conftest.c -o conftest2.o >&5
configure:3398: $? = 0
configure:3453: result: yes
configure:3467: checking for system library directory
configure:3482: result: lib
configure:3489: checking if compiler supports -R
configure:3508: cc -o conftest -g -O2   conftest.c -R /usr/lib  >&5
warning: unknown remark option '-R' [-Wunknown-warning-option]
1 warning generated.
ld: can't map file, errno=22 file '/Applications/Xcode.app/Contents/Developer/Platforms/MacOSX.platform/Developer/SDKs/MacOSX10.12.sdk/usr/lib' for architecture x86_64
clang: error: linker command failed with exit code 1 (use -v to see invocation)
configure:3508: $? = 1
configure: failed program was:
| /* confdefs.h */
| #define PACKAGE_NAME ""
| #define PACKAGE_TARNAME ""
| #define PACKAGE_VERSION ""
| #define PACKAGE_STRING ""
| #define PACKAGE_BUGREPORT ""
| #define PACKAGE_URL ""
| /* end confdefs.h.  */
| 
| int
| main ()
| {
| 
|   ;
|   return 0;
| }
configure:3518: result: no
configure:3523: checking if compiler supports -Wl,-rpath,
configure:3542: cc -o conftest -g -O2   conftest.c -Wl,-rpath,/usr/lib  >&5
configure:3542: $? = 0
configure:3552: result: yes
configure:3597: checking build system type
configure:3611: result: x86_64-apple-darwin18.0.0
configure:3631: checking host system type
configure:3644: result: x86_64-apple-darwin18.0.0
configure:3664: checking target system type
configure:3677: result: x86_64-apple-darwin18.0.0
configure:3780: checking for PHP prefix
configure:3782: result: /usr/local
configure:3784: checking for PHP includes
configure:3786: result: -I/usr/local/include/php -I/usr/local/include/php/main -I/usr/local/include/php/TSRM -I/usr/local/include/php/Zend -I/usr/local/include/php/ext -I/usr/local/include/php/ext/date/lib
configure:3788: checking for PHP extension directory
configure:3790: result: /usr/local/lib/php/extensions/no-debug-non-zts-20170718
configure:3792: checking for PHP installed headers prefix
configure:3794: result: /usr/local/include/php
configure:3797: checking if debug is enabled
configure:3823: result: no
configure:3826: checking if zts is enabled
configure:3852: result: no
configure:3923: checking for re2c
configure:3939: found /usr/local/bin/re2c
configure:3950: result: re2c
configure:3959: checking for re2c version
configure:3973: result: 1.1.1 (ok)
configure:3992: checking for gawk
configure:4023: result: no
configure:3992: checking for nawk
configure:4023: result: no
configure:3992: checking for awk
configure:4009: found /usr/bin/awk
configure:4020: result: awk
configure:4043: checking if awk is broken
configure:4050: result: no
configure:4064: checking for OpenSSL support
configure:4104: result: yes, shared
configure:4113: checking for Kerberos support
configure:4128: result: no
configure:4137: checking whether to use system default cipher list instead of hardcoded value
configure:4152: result: no
configure:4789: checking for RAND_egd
configure:4789: cc -o conftest -g -O2   conftest.c  >&5
Undefined symbols for architecture x86_64:
  "_RAND_egd", referenced from:
      _main in conftest-34db4c.o
ld: symbol(s) not found for architecture x86_64
clang: error: linker command failed with exit code 1 (use -v to see invocation)
configure:4789: $? = 1
configure: failed program was:
| /* confdefs.h */
| #define PACKAGE_NAME ""
| #define PACKAGE_TARNAME ""
| #define PACKAGE_VERSION ""
| #define PACKAGE_STRING ""
| #define PACKAGE_BUGREPORT ""
| #define PACKAGE_URL ""
| #define COMPILE_DL_OPENSSL 1
| /* end confdefs.h.  */
| /* Define RAND_egd to an innocuous variant, in case <limits.h> declares RAND_egd.
|    For example, HP-UX 11i <limits.h> declares gettimeofday.  */
| #define RAND_egd innocuous_RAND_egd
| 
| /* System header to define __stub macros and hopefully few prototypes,
|     which can conflict with char RAND_egd (); below.
|     Prefer <limits.h> to <assert.h> if __STDC__ is defined, since
|     <limits.h> exists even on freestanding compilers.  */
| 
| #ifdef __STDC__
| # include <limits.h>
| #else
| # include <assert.h>
| #endif
| 
| #undef RAND_egd
| 
| /* Override any GCC internal prototype to avoid an error.
|    Use char because int might match the return type of a GCC
|    builtin and then its argument prototype would still apply.  */
| #ifdef __cplusplus
| extern "C"
| #endif
| char RAND_egd ();
| /* The GNU C library defines this for functions which it implements
|     to always fail with ENOSYS.  Some functions are actually named
|     something starting with __ and the normal name is an alias.  */
| #if defined __stub_RAND_egd || defined __stub___RAND_egd
| choke me
| #endif
| 
| int
| main ()
| {
| return RAND_egd ();
|   ;
|   return 0;
| }
configure:4789: result: no
configure:4816: checking for pkg-config
configure:4847: result: no
configure:5028: checking for OpenSSL version
configure:5042: result: >= 1.0.1
configure:5183: checking for CRYPTO_free in -lcrypto
configure:5208: cc -o conftest -g -O2  -Wl,-rpath,/usr/local/Cellar/openssl/1.0.2l//lib -L/usr/local/Cellar/openssl/1.0.2l//lib  conftest.c -lcrypto   >&5
configure:5208: $? = 0
configure:5217: result: yes
configure:5360: checking for SSL_CTX_set_ssl_version in -lssl
configure:5385: cc -o conftest -g -O2  -Wl,-rpath,/usr/local/Cellar/openssl/1.0.2l//lib -L/usr/local/Cellar/openssl/1.0.2l//lib  conftest.c -lssl   -lcrypto >&5
configure:5385: $? = 0
configure:5394: result: yes
configure:5617: checking for ld used by cc
configure:5684: result: /Applications/Xcode.app/Contents/Developer/Toolchains/XcodeDefault.xctoolchain/usr/bin/ld
configure:5691: checking if the linker (/Applications/Xcode.app/Contents/Developer/Toolchains/XcodeDefault.xctoolchain/usr/bin/ld) is GNU ld
configure:5706: result: no
configure:5711: checking for /Applications/Xcode.app/Contents/Developer/Toolchains/XcodeDefault.xctoolchain/usr/bin/ld option to reload object files
configure:5718: result: -r
configure:5736: checking for BSD-compatible nm
configure:5785: result: /usr/bin/nm -B
configure:5789: checking whether ln -s works
configure:5793: result: yes
configure:5800: checking how to recognize dependent libraries
configure:5986: result: pass_all
configure:6204: checking for ANSI C header files
configure:6224: cc -c -g -O2  conftest.c >&5
configure:6224: $? = 0
configure:6297: cc -o conftest -g -O2   conftest.c  >&5
configure:6297: $? = 0
configure:6297: ./conftest
configure:6297: $? = 0
configure:6308: result: yes
configure:6321: checking for sys/types.h
configure:6321: cc -c -g -O2  conftest.c >&5
configure:6321: $? = 0
configure:6321: result: yes
configure:6321: checking for sys/stat.h
configure:6321: cc -c -g -O2  conftest.c >&5
configure:6321: $? = 0
configure:6321: result: yes
configure:6321: checking for stdlib.h
configure:6321: cc -c -g -O2  conftest.c >&5
configure:6321: $? = 0
configure:6321: result: yes
configure:6321: checking for string.h
configure:6321: cc -c -g -O2  conftest.c >&5
configure:6321: $? = 0
configure:6321: result: yes
configure:6321: checking for memory.h
configure:6321: cc -c -g -O2  conftest.c >&5
configure:6321: $? = 0
configure:6321: result: yes
configure:6321: checking for strings.h
configure:6321: cc -c -g -O2  conftest.c >&5
configure:6321: $? = 0
configure:6321: result: yes
configure:6321: checking for inttypes.h
configure:6321: cc -c -g -O2  conftest.c >&5
configure:6321: $? = 0
configure:6321: result: yes
configure:6321: checking for stdint.h
configure:6321: cc -c -g -O2  conftest.c >&5
configure:6321: $? = 0
configure:6321: result: yes
configure:6321: checking for unistd.h
configure:6321: cc -c -g -O2  conftest.c >&5
configure:6321: $? = 0
configure:6321: result: yes
configure:6335: checking dlfcn.h usability
configure:6335: cc -c -g -O2  conftest.c >&5
configure:6335: $? = 0
configure:6335: result: yes
configure:6335: checking dlfcn.h presence
configure:6335: cc -E  conftest.c
configure:6335: $? = 0
configure:6335: result: yes
configure:6335: checking for dlfcn.h
configure:6335: result: yes
configure:6357: checking the maximum length of command line arguments
configure:6469: result: 196608
configure:6481: checking command to parse /usr/bin/nm -B output from cc object
configure:6586: cc -c -g -O2  conftest.c >&5
configure:6589: $? = 0
configure:6593: /usr/bin/nm -B conftest.o \| sed -n -e 's/^.*[ 	]\([BCDEGRST][BCDEGRST]*\)[ 	][ 	]*\([_A-Za-z][_A-Za-z0-9]*\)$/\1 \2 \2/p' \> conftest.nm
configure:6596: $? = 0
cannot find nm_test_var in conftest.nm
configure:6586: cc -c -g -O2  conftest.c >&5
configure:6589: $? = 0
configure:6593: /usr/bin/nm -B conftest.o \| sed -n -e 's/^.*[ 	]\([BCDEGRST][BCDEGRST]*\)[ 	][ 	]*_\([_A-Za-z][_A-Za-z0-9]*\)$/\1 _\2 \2/p' \> conftest.nm
configure:6596: $? = 0
configure:6648: cc -o conftest -g -O2   conftest.c conftstm.o >&5
warning: (x86_64)  could not find object file symbol for symbol _main
configure:6651: $? = 0
configure:6689: result: ok
configure:6693: checking for objdir
configure:6708: result: .libs
configure:6800: checking for ar
configure:6816: found /usr/bin/ar
configure:6827: result: ar
configure:6892: checking for ranlib
configure:6908: found /usr/bin/ranlib
configure:6919: result: ranlib
configure:6984: checking for strip
configure:7000: found /usr/bin/strip
configure:7011: result: strip
configure:7264: checking for dsymutil
configure:7280: found /usr/bin/dsymutil
configure:7291: result: dsymutil
configure:7356: checking for nmedit
configure:7372: found /usr/bin/nmedit
configure:7383: result: nmedit
configure:7406: checking for -single_module linker flag
configure:7427: result: yes
configure:7429: checking for -exported_symbols_list linker flag
configure:7445: cc -o conftest -g -O2   -Wl,-exported_symbols_list,conftest.sym conftest.c  >&5
configure:7448: $? = 0
configure:7462: result: yes
configure:7580: checking if cc supports -fno-rtti -fno-exceptions
configure:7598: cc -c -g -O2  -fno-rtti -fno-exceptions conftest.c >&5
configure:7602: $? = 0
configure:7615: result: yes
configure:7630: checking for cc option to produce PIC
configure:7870: result: -fno-common
configure:7878: checking if cc PIC flag -fno-common works
configure:7896: cc -c -g -O2  -fno-common -DPIC conftest.c >&5
configure:7900: $? = 0
configure:7913: result: yes
configure:7941: checking if cc static flag -static works
configure:7969: result: no
configure:7979: checking if cc supports -c -o file.o
configure:8000: cc -c -g -O2  -o out/conftest2.o conftest.c >&5
configure:8004: $? = 0
configure:8026: result: yes
configure:8052: checking whether the cc linker (/Applications/Xcode.app/Contents/Developer/Toolchains/XcodeDefault.xctoolchain/usr/bin/ld) supports shared libraries
configure:8980: result: yes
configure:9047: checking dynamic linker characteristics
configure:9645: result: darwin18.0.0 dyld
configure:9669: checking how to hardcode library paths into programs
configure:9694: result: immediate
configure:9708: checking whether stripping libraries is possible
configure:9722: result: yes
configure:10230: checking if libtool supports shared libraries
configure:10232: result: yes
configure:10235: checking whether to build shared libraries
configure:10256: result: yes
configure:10259: checking whether to build static libraries
configure:10263: result: no
configure:10358: result:
creating libtool
configure:14056: creating ./config.status

## ---------------------- ##
## Running config.status. ##
## ---------------------- ##

This file was extended by config.status, which was
generated by GNU Autoconf 2.69.  Invocation command line was

  CONFIG_FILES    = 
  CONFIG_HEADERS  = 
  CONFIG_LINKS    = 
  CONFIG_COMMANDS = 
  $ ./config.status 

on BJ1682.local

config.status:677: creating config.h
config.status:767: config.h is unchanged

## ---------------- ##
## Cache variables. ##
## ---------------- ##

ac_cv_build=x86_64-apple-darwin18.0.0
ac_cv_c_compiler_gnu=yes
ac_cv_env_CC_set=
ac_cv_env_CC_value=
ac_cv_env_CFLAGS_set=
ac_cv_env_CFLAGS_value=
ac_cv_env_CPPFLAGS_set=
ac_cv_env_CPPFLAGS_value=
ac_cv_env_CPP_set=
ac_cv_env_CPP_value=
ac_cv_env_LDFLAGS_set=
ac_cv_env_LDFLAGS_value=
ac_cv_env_LIBS_set=
ac_cv_env_LIBS_value=
ac_cv_env_build_alias_set=
ac_cv_env_build_alias_value=
ac_cv_env_host_alias_set=
ac_cv_env_host_alias_value=
ac_cv_env_target_alias_set=
ac_cv_env_target_alias_value=
ac_cv_func_RAND_egd=no
ac_cv_header_dlfcn_h=yes
ac_cv_header_inttypes_h=yes
ac_cv_header_memory_h=yes
ac_cv_header_stdc=yes
ac_cv_header_stdint_h=yes
ac_cv_header_stdlib_h=yes
ac_cv_header_string_h=yes
ac_cv_header_strings_h=yes
ac_cv_header_sys_stat_h=yes
ac_cv_header_sys_types_h=yes
ac_cv_header_unistd_h=yes
ac_cv_host=x86_64-apple-darwin18.0.0
ac_cv_lib_crypto_CRYPTO_free=yes
ac_cv_lib_ssl_SSL_CTX_set_ssl_version=yes
ac_cv_objext=o
ac_cv_path_EGREP='/usr/bin/grep -E'
ac_cv_path_GREP=/usr/bin/grep
ac_cv_path_PKG_CONFIG=no
ac_cv_prog_AWK=awk
ac_cv_prog_CPP='cc -E'
ac_cv_prog_RE2C=re2c
ac_cv_prog_ac_ct_AR=ar
ac_cv_prog_ac_ct_CC=cc
ac_cv_prog_ac_ct_DSYMUTIL=dsymutil
ac_cv_prog_ac_ct_NMEDIT=nmedit
ac_cv_prog_ac_ct_RANLIB=ranlib
ac_cv_prog_ac_ct_STRIP=strip
ac_cv_prog_cc_c89=
ac_cv_prog_cc_cc_c_o=yes
ac_cv_prog_cc_g=yes
ac_cv_target=x86_64-apple-darwin18.0.0
lt_cv_apple_cc_single_mod=yes
lt_cv_deplibs_check_method=pass_all
lt_cv_file_magic_cmd='$MAGIC_CMD'
lt_cv_file_magic_test_file=
lt_cv_ld_exported_symbols_list=yes
lt_cv_ld_reload_flag=-r
lt_cv_objdir=.libs
lt_cv_path_LD=/Applications/Xcode.app/Contents/Developer/Toolchains/XcodeDefault.xctoolchain/usr/bin/ld
lt_cv_path_NM='/usr/bin/nm -B'
lt_cv_path_SED=/usr/bin/sed
lt_cv_prog_compiler_c_o=yes
lt_cv_prog_compiler_pic_works=yes
lt_cv_prog_compiler_rtti_exceptions=yes
lt_cv_prog_compiler_static_works=no
lt_cv_prog_gnu_ld=no
lt_cv_sys_global_symbol_pipe='sed -n -e '\''s/^.*[ 	]\([BCDEGRST][BCDEGRST]*\)[ 	][ 	]*_\([_A-Za-z][_A-Za-z0-9]*\)$/\1 _\2 \2/p'\'''
lt_cv_sys_global_symbol_to_c_name_address='sed -n -e '\''s/^: \([^ ]*\) $/  {\"\1\", (lt_ptr) 0},/p'\'' -e '\''s/^[BCDEGRST] \([^ ]*\) \([^ ]*\)$/  {"\2", (lt_ptr) \&\2},/p'\'''
lt_cv_sys_global_symbol_to_cdecl='sed -n -e '\''s/^. .* \(.*\)$/extern int \1;/p'\'''
lt_cv_sys_lib_dlsearch_path_spec='/usr/local/lib /lib /usr/lib'
lt_cv_sys_lib_search_path_spec='/Applications/Xcode.app/Contents/Developer/Toolchains/XcodeDefault.xctoolchain/usr/lib/clang/8.0.0 /usr/local/lib'
lt_cv_sys_max_cmd_len=196608
lt_lt_cv_prog_compiler_c_o='"yes"'
lt_lt_cv_sys_global_symbol_pipe='"sed -n -e '\''s/^.*[ 	]\\([BCDEGRST][BCDEGRST]*\\)[ 	][ 	]*_\\([_A-Za-z][_A-Za-z0-9]*\\)\$/\\1 _\\2 \\2/p'\''"'
lt_lt_cv_sys_global_symbol_to_c_name_address='"sed -n -e '\''s/^: \\([^ ]*\\) \$/  {\\\"\\1\\\", (lt_ptr) 0},/p'\'' -e '\''s/^[BCDEGRST] \\([^ ]*\\) \\([^ ]*\\)\$/  {\"\\2\", (lt_ptr) \\&\\2},/p'\''"'
lt_lt_cv_sys_global_symbol_to_cdecl='"sed -n -e '\''s/^. .* \\(.*\\)\$/extern int \\1;/p'\''"'
php_cv_cc_dashr=no
php_cv_cc_rpath=yes
php_cv_re2c_version='1.1.1 (ok)'

## ----------------- ##
## Output variables. ##
## ----------------- ##

AR='ar'
AWK='awk'
CC='cc'
CFLAGS='-g -O2'
CONFIGURE_COMMAND=' '\''./configure'\''  '\''--with-openssl=/usr/local/Cellar/openssl/1.0.2l/'\'''
CONFIGURE_OPTIONS=' '\''--with-openssl=/usr/local/Cellar/openssl/1.0.2l/'\'''
CPP='cc -E'
CPPFLAGS=' -DHAVE_CONFIG_H'
DEFS='-DHAVE_CONFIG_H'
DSYMUTIL='dsymutil'
ECHO='/bin/echo'
ECHO_C='\c'
ECHO_N=''
ECHO_T=''
EGREP='/usr/bin/grep -E'
EXEEXT=''
GREP='/usr/bin/grep'
KRB5_CONFIG=''
LDFLAGS=''
LIBOBJS=''
LIBS=''
LIBTOOL='$(SHELL) $(top_builddir)/libtool'
LN_S='ln -s'
LTLIBOBJS=''
NMEDIT='nmedit'
OBJEXT='o'
OPENSSL_INCDIR_OPT='-I/usr/local/Cellar/openssl/1.0.2l//include'
PACKAGE_BUGREPORT=''
PACKAGE_NAME=''
PACKAGE_STRING=''
PACKAGE_TARNAME=''
PACKAGE_URL=''
PACKAGE_VERSION=''
PATH_SEPARATOR=':'
PKG_CONFIG='no'
RANLIB='ranlib'
RE2C='re2c'
SED='/usr/bin/sed'
SHELL='/bin/sh'
SHLIB_DL_SUFFIX_NAME='so'
SHLIB_SUFFIX_NAME='dylib'
STRIP='strip'
ac_ct_CC='cc'
bindir='${exec_prefix}/bin'
build='x86_64-apple-darwin18.0.0'
build_alias=''
build_cpu='x86_64'
build_os='darwin18.0.0'
build_vendor='apple'
datadir='${datarootdir}'
datarootdir='${prefix}/share'
docdir='${datarootdir}/doc/${PACKAGE}'
dvidir='${docdir}'
exec_prefix='$(prefix)'
host='x86_64-apple-darwin18.0.0'
host_alias='x86_64-apple-darwin18.0.0'
host_cpu='x86_64'
host_os='darwin18.0.0'
host_vendor='apple'
htmldir='${docdir}'
includedir='${prefix}/include'
infodir='${datarootdir}/info'
libdir='${exec_prefix}/lib'
libexecdir='${exec_prefix}/libexec'
localedir='${datarootdir}/locale'
localstatedir='${prefix}/var'
mandir='${datarootdir}/man'
oldincludedir='/usr/include'
pdfdir='${docdir}'
prefix='/usr/local'
program_transform_name='s,x,x,'
psdir='${docdir}'
sbindir='${exec_prefix}/sbin'
sharedstatedir='${prefix}/com'
sysconfdir='${prefix}/etc'
target='x86_64-apple-darwin18.0.0'
target_alias=''
target_cpu='x86_64'
target_os='darwin18.0.0'
target_vendor='apple'

## ----------- ##
## confdefs.h. ##
## ----------- ##

/* confdefs.h */
#define PACKAGE_NAME ""
#define PACKAGE_TARNAME ""
#define PACKAGE_VERSION ""
#define PACKAGE_STRING ""
#define PACKAGE_BUGREPORT ""
#define PACKAGE_URL ""
#define COMPILE_DL_OPENSSL 1
#define HAVE_OPENSSL_EXT 1
#define STDC_HEADERS 1
#define HAVE_SYS_TYPES_H 1
#define HAVE_SYS_STAT_H 1
#define HAVE_STDLIB_H 1
#define HAVE_STRING_H 1
#define HAVE_MEMORY_H 1
#define HAVE_STRINGS_H 1
#define HAVE_INTTYPES_H 1
#define HAVE_STDINT_H 1
#define HAVE_UNISTD_H 1
#define HAVE_DLFCN_H 1

configure: exit 0
