This file contains any messages produced by compilers while
running configure, to aid debugging if configure makes a mistake.

It was created by configure, which was
generated by GNU Autoconf 2.69.  Invocation command line was

  $ ./configure --with-iconv=/usr/local/Cellar/libiconv/1.15

## --------- ##
## Platform. ##
## --------- ##

hostname = BJ1682.local
uname -m = x86_64
uname -r = 18.0.0
uname -s = Darwin
uname -v = Darwin Kernel Version 18.0.0: Wed Aug 22 20:13:40 PDT 2018; root:xnu-4903.201.2~1/RELEASE_X86_64

/usr/bin/uname -p = i386
/bin/uname -X     = unknown

/bin/arch              = unknown
/usr/bin/arch -k       = unknown
/usr/convex/getsysinfo = unknown
/usr/bin/hostinfo      = Mach kernel version:
	 Darwin Kernel Version 18.0.0: Wed Aug 22 20:13:40 PDT 2018; root:xnu-4903.201.2~1/RELEASE_X86_64
Kernel configured for up to 4 processors.
2 processors are physically available.
4 processors are logically available.
Processor type: x86_64h (Intel x86-64h Haswell)
Processors active: 0 1 2 3
Primary memory available: 8.00 gigabytes
Default processor set: 369 tasks, 2248 threads, 4 processors
Load average: 2.87, Mach factor: 1.39
/bin/machine           = unknown
/usr/bin/oslevel       = unknown
/bin/universe          = unknown

PATH: /usr/local/bin
PATH: /usr/bin
PATH: /bin
PATH: /usr/sbin
PATH: /sbin
PATH: /usr/local/go/bin
PATH: /Library/Frameworks/Mono.framework/Versions/Current/Commands


## ----------- ##
## Core tests. ##
## ----------- ##

configure:2294: checking for grep that handles long lines and -e
configure:2352: result: /usr/bin/grep
configure:2357: checking for egrep
configure:2419: result: /usr/bin/grep -E
configure:2424: checking for a sed that does not truncate output
configure:2478: result: /usr/bin/sed
configure:2615: checking for cc
configure:2631: found /usr/bin/cc
configure:2642: result: cc
configure:2673: checking for C compiler version
configure:2682: cc --version >&5
Apple LLVM version 8.0.0 (clang-800.0.38)
Target: x86_64-apple-darwin18.0.0
Thread model: posix
InstalledDir: /Applications/Xcode.app/Contents/Developer/Toolchains/XcodeDefault.xctoolchain/usr/bin
configure:2693: $? = 0
configure:2682: cc -v >&5
Apple LLVM version 8.0.0 (clang-800.0.38)
Target: x86_64-apple-darwin18.0.0
Thread model: posix
InstalledDir: /Applications/Xcode.app/Contents/Developer/Toolchains/XcodeDefault.xctoolchain/usr/bin
configure:2693: $? = 0
configure:2682: cc -V >&5
clang: error: argument to '-V' is missing (expected 1 value)
clang: error: no input files
configure:2693: $? = 1
configure:2682: cc -qversion >&5
clang: error: unknown argument: '-qversion'
clang: error: no input files
configure:2693: $? = 1
configure:2713: checking whether the C compiler works
configure:2735: cc    conftest.c  >&5
configure:2739: $? = 0
configure:2787: result: yes
configure:2790: checking for C compiler default output file name
configure:2792: result: a.out
configure:2798: checking for suffix of executables
configure:2805: cc -o conftest    conftest.c  >&5
configure:2809: $? = 0
configure:2831: result: 
configure:2853: checking whether we are cross compiling
configure:2861: cc -o conftest    conftest.c  >&5
configure:2865: $? = 0
configure:2872: ./conftest
configure:2876: $? = 0
configure:2891: result: no
configure:2896: checking for suffix of object files
configure:2918: cc -c   conftest.c >&5
configure:2922: $? = 0
configure:2943: result: o
configure:2947: checking whether we are using the GNU C compiler
configure:2966: cc -c   conftest.c >&5
configure:2966: $? = 0
configure:2975: result: yes
configure:2984: checking whether cc accepts -g
configure:3004: cc -c -g  conftest.c >&5
configure:3004: $? = 0
configure:3045: result: yes
configure:3062: checking for cc option to accept ISO C89
configure:3125: cc  -c -g -O2  conftest.c >&5
configure:3125: $? = 0
configure:3138: result: none needed
configure:3164: checking how to run the C preprocessor
configure:3195: cc -E  conftest.c
configure:3195: $? = 0
configure:3209: cc -E  conftest.c
conftest.c:9:10: fatal error: 'ac_nonexistent.h' file not found
#include <ac_nonexistent.h>
         ^
1 error generated.
configure:3209: $? = 1
configure: failed program was:
| /* confdefs.h */
| #define PACKAGE_NAME ""
| #define PACKAGE_TARNAME ""
| #define PACKAGE_VERSION ""
| #define PACKAGE_STRING ""
| #define PACKAGE_BUGREPORT ""
| #define PACKAGE_URL ""
| /* end confdefs.h.  */
| #include <ac_nonexistent.h>
configure:3234: result: cc -E
configure:3254: cc -E  conftest.c
configure:3254: $? = 0
configure:3268: cc -E  conftest.c
conftest.c:9:10: fatal error: 'ac_nonexistent.h' file not found
#include <ac_nonexistent.h>
         ^
1 error generated.
configure:3268: $? = 1
configure: failed program was:
| /* confdefs.h */
| #define PACKAGE_NAME ""
| #define PACKAGE_TARNAME ""
| #define PACKAGE_VERSION ""
| #define PACKAGE_STRING ""
| #define PACKAGE_BUGREPORT ""
| #define PACKAGE_URL ""
| /* end confdefs.h.  */
| #include <ac_nonexistent.h>
configure:3299: checking for icc
configure:3308: result: no
configure:3322: checking for suncc
configure:3331: result: no
configure:3349: checking whether cc understands -c and -o together
configure:3377: cc -c conftest.c -o conftest2.o >&5
configure:3381: $? = 0
configure:3387: cc -c conftest.c -o conftest2.o >&5
configure:3391: $? = 0
configure:3446: result: yes
configure:3460: checking for system library directory
configure:3475: result: lib
configure:3482: checking if compiler supports -R
configure:3501: cc -o conftest -g -O2   conftest.c -R /usr/lib  >&5
warning: unknown remark option '-R' [-Wunknown-warning-option]
1 warning generated.
ld: can't map file, errno=22 file '/Applications/Xcode.app/Contents/Developer/Platforms/MacOSX.platform/Developer/SDKs/MacOSX10.12.sdk/usr/lib' for architecture x86_64
clang: error: linker command failed with exit code 1 (use -v to see invocation)
configure:3501: $? = 1
configure: failed program was:
| /* confdefs.h */
| #define PACKAGE_NAME ""
| #define PACKAGE_TARNAME ""
| #define PACKAGE_VERSION ""
| #define PACKAGE_STRING ""
| #define PACKAGE_BUGREPORT ""
| #define PACKAGE_URL ""
| /* end confdefs.h.  */
| 
| int
| main ()
| {
| 
|   ;
|   return 0;
| }
configure:3511: result: no
configure:3516: checking if compiler supports -Wl,-rpath,
configure:3535: cc -o conftest -g -O2   conftest.c -Wl,-rpath,/usr/lib  >&5
configure:3535: $? = 0
configure:3545: result: yes
configure:3590: checking build system type
configure:3604: result: x86_64-apple-darwin18.0.0
configure:3624: checking host system type
configure:3637: result: x86_64-apple-darwin18.0.0
configure:3657: checking target system type
configure:3670: result: x86_64-apple-darwin18.0.0
configure:3773: checking for PHP prefix
configure:3775: result: /usr/local
configure:3777: checking for PHP includes
configure:3779: result: -I/usr/local/include/php -I/usr/local/include/php/main -I/usr/local/include/php/TSRM -I/usr/local/include/php/Zend -I/usr/local/include/php/ext -I/usr/local/include/php/ext/date/lib
configure:3781: checking for PHP extension directory
configure:3783: result: /usr/local/lib/php/extensions/no-debug-non-zts-20170718
configure:3785: checking for PHP installed headers prefix
configure:3787: result: /usr/local/include/php
configure:3790: checking if debug is enabled
configure:3816: result: no
configure:3819: checking if zts is enabled
configure:3845: result: no
configure:3916: checking for re2c
configure:3932: found /usr/local/bin/re2c
configure:3943: result: re2c
configure:3952: checking for re2c version
configure:3966: result: 1.1.1 (ok)
configure:3985: checking for gawk
configure:4016: result: no
configure:3985: checking for nawk
configure:4016: result: no
configure:3985: checking for awk
configure:4002: found /usr/bin/awk
configure:4013: result: awk
configure:4036: checking if awk is broken
configure:4043: result: no
configure:4057: checking for iconv support
configure:4097: result: yes, shared
configure:4274: checking for libiconv in -liconv
configure:4299: cc -o conftest -g -O2  -Wl,-rpath,/usr/local/Cellar/libiconv/1.15/lib -L/usr/local/Cellar/libiconv/1.15/lib  conftest.c -liconv   >&5
configure:4299: $? = 0
configure:4309: result: yes
configure:4666: checking if iconv is glibc's
configure:4679: cc -o conftest -I/usr/local/Cellar/libiconv/1.15/include -g -O2  -L/usr/local/Cellar/libiconv/1.15/lib  conftest.c  >&5
conftest.c:12:10: fatal error: 'gnu/libc-version.h' file not found
#include <gnu/libc-version.h>
         ^
1 error generated.
configure:4679: $? = 1
configure: failed program was:
| /* confdefs.h */
| #define PACKAGE_NAME ""
| #define PACKAGE_TARNAME ""
| #define PACKAGE_VERSION ""
| #define PACKAGE_STRING ""
| #define PACKAGE_BUGREPORT ""
| #define PACKAGE_URL ""
| #define HAVE_LIBICONV 1
| #define ICONV_ALIASED_LIBICONV 1
| #define HAVE_ICONV 1
| /* end confdefs.h.  */
| #include <gnu/libc-version.h>
| int
| main ()
| {
| gnu_get_libc_version();
|   ;
|   return 0;
| }
configure:4687: result: no
configure:4695: checking if using GNU libiconv
configure:4716: cc -o conftest -I/usr/local/Cellar/libiconv/1.15/include -g -O2  -liconv -L/usr/local/Cellar/libiconv/1.15/lib  conftest.c  >&5
configure:4716: $? = 0
configure:4716: ./conftest
configure:4716: $? = 0
configure:4718: result: yes
configure:4958: checking if iconv supports errno
configure:4993: cc -o conftest -I/usr/local/Cellar/libiconv/1.15/include -g -O2  -liconv -L/usr/local/Cellar/libiconv/1.15/lib  conftest.c  >&5
configure:4993: $? = 0
configure:4993: ./conftest
configure:4993: $? = 0
configure:4995: result: yes
configure:5021: checking if iconv supports //IGNORE
configure:5055: cc -o conftest -I/usr/local/Cellar/libiconv/1.15/include -g -O2  -liconv -L/usr/local/Cellar/libiconv/1.15/lib  conftest.c  >&5
configure:5055: $? = 0
configure:5055: ./conftest
configure:5055: $? = 0
configure:5057: result: yes
configure:5083: checking if your cpp allows macro usage in include lines
configure:5099: cc -c -I/usr/local/Cellar/libiconv/1.15/include -g -O2  conftest.c >&5
configure:5099: $? = 0
configure:5101: result: yes
configure:5488: checking for ld used by cc
configure:5555: result: /Applications/Xcode.app/Contents/Developer/Toolchains/XcodeDefault.xctoolchain/usr/bin/ld
configure:5562: checking if the linker (/Applications/Xcode.app/Contents/Developer/Toolchains/XcodeDefault.xctoolchain/usr/bin/ld) is GNU ld
configure:5577: result: no
configure:5582: checking for /Applications/Xcode.app/Contents/Developer/Toolchains/XcodeDefault.xctoolchain/usr/bin/ld option to reload object files
configure:5589: result: -r
configure:5607: checking for BSD-compatible nm
configure:5656: result: /usr/bin/nm -B
configure:5660: checking whether ln -s works
configure:5664: result: yes
configure:5671: checking how to recognize dependent libraries
configure:5857: result: pass_all
configure:6075: checking for ANSI C header files
configure:6095: cc -c -I/usr/local/Cellar/libiconv/1.15/include -g -O2  conftest.c >&5
configure:6095: $? = 0
configure:6168: cc -o conftest -I/usr/local/Cellar/libiconv/1.15/include -g -O2  -liconv -L/usr/local/Cellar/libiconv/1.15/lib  conftest.c  >&5
configure:6168: $? = 0
configure:6168: ./conftest
configure:6168: $? = 0
configure:6179: result: yes
configure:6192: checking for sys/types.h
configure:6192: cc -c -I/usr/local/Cellar/libiconv/1.15/include -g -O2  conftest.c >&5
configure:6192: $? = 0
configure:6192: result: yes
configure:6192: checking for sys/stat.h
configure:6192: cc -c -I/usr/local/Cellar/libiconv/1.15/include -g -O2  conftest.c >&5
configure:6192: $? = 0
configure:6192: result: yes
configure:6192: checking for stdlib.h
configure:6192: cc -c -I/usr/local/Cellar/libiconv/1.15/include -g -O2  conftest.c >&5
configure:6192: $? = 0
configure:6192: result: yes
configure:6192: checking for string.h
configure:6192: cc -c -I/usr/local/Cellar/libiconv/1.15/include -g -O2  conftest.c >&5
configure:6192: $? = 0
configure:6192: result: yes
configure:6192: checking for memory.h
configure:6192: cc -c -I/usr/local/Cellar/libiconv/1.15/include -g -O2  conftest.c >&5
configure:6192: $? = 0
configure:6192: result: yes
configure:6192: checking for strings.h
configure:6192: cc -c -I/usr/local/Cellar/libiconv/1.15/include -g -O2  conftest.c >&5
configure:6192: $? = 0
configure:6192: result: yes
configure:6192: checking for inttypes.h
configure:6192: cc -c -I/usr/local/Cellar/libiconv/1.15/include -g -O2  conftest.c >&5
configure:6192: $? = 0
configure:6192: result: yes
configure:6192: checking for stdint.h
configure:6192: cc -c -I/usr/local/Cellar/libiconv/1.15/include -g -O2  conftest.c >&5
configure:6192: $? = 0
configure:6192: result: yes
configure:6192: checking for unistd.h
configure:6192: cc -c -I/usr/local/Cellar/libiconv/1.15/include -g -O2  conftest.c >&5
configure:6192: $? = 0
configure:6192: result: yes
configure:6206: checking dlfcn.h usability
configure:6206: cc -c -I/usr/local/Cellar/libiconv/1.15/include -g -O2  conftest.c >&5
configure:6206: $? = 0
configure:6206: result: yes
configure:6206: checking dlfcn.h presence
configure:6206: cc -E  conftest.c
configure:6206: $? = 0
configure:6206: result: yes
configure:6206: checking for dlfcn.h
configure:6206: result: yes
configure:6228: checking the maximum length of command line arguments
configure:6340: result: 196608
configure:6352: checking command to parse /usr/bin/nm -B output from cc object
configure:6457: cc -c -I/usr/local/Cellar/libiconv/1.15/include -g -O2  conftest.c >&5
configure:6460: $? = 0
configure:6464: /usr/bin/nm -B conftest.o \| sed -n -e 's/^.*[ 	]\([BCDEGRST][BCDEGRST]*\)[ 	][ 	]*\([_A-Za-z][_A-Za-z0-9]*\)$/\1 \2 \2/p' \> conftest.nm
configure:6467: $? = 0
cannot find nm_test_var in conftest.nm
configure:6457: cc -c -I/usr/local/Cellar/libiconv/1.15/include -g -O2  conftest.c >&5
configure:6460: $? = 0
configure:6464: /usr/bin/nm -B conftest.o \| sed -n -e 's/^.*[ 	]\([BCDEGRST][BCDEGRST]*\)[ 	][ 	]*_\([_A-Za-z][_A-Za-z0-9]*\)$/\1 _\2 \2/p' \> conftest.nm
configure:6467: $? = 0
configure:6519: cc -o conftest -I/usr/local/Cellar/libiconv/1.15/include -g -O2  -liconv -L/usr/local/Cellar/libiconv/1.15/lib  conftest.c conftstm.o >&5
warning: (x86_64)  could not find object file symbol for symbol _main
configure:6522: $? = 0
configure:6560: result: ok
configure:6564: checking for objdir
configure:6579: result: .libs
configure:6671: checking for ar
configure:6687: found /usr/bin/ar
configure:6698: result: ar
configure:6763: checking for ranlib
configure:6779: found /usr/bin/ranlib
configure:6790: result: ranlib
configure:6855: checking for strip
configure:6871: found /usr/bin/strip
configure:6882: result: strip
configure:7135: checking for dsymutil
configure:7151: found /usr/bin/dsymutil
configure:7162: result: dsymutil
configure:7227: checking for nmedit
configure:7243: found /usr/bin/nmedit
configure:7254: result: nmedit
configure:7277: checking for -single_module linker flag
configure:7298: result: yes
configure:7300: checking for -exported_symbols_list linker flag
configure:7316: cc -o conftest -I/usr/local/Cellar/libiconv/1.15/include -g -O2  -liconv -L/usr/local/Cellar/libiconv/1.15/lib  -Wl,-exported_symbols_list,conftest.sym conftest.c  >&5
configure:7319: $? = 0
configure:7333: result: yes
configure:7451: checking if cc supports -fno-rtti -fno-exceptions
configure:7469: cc -c -I/usr/local/Cellar/libiconv/1.15/include -g -O2  -fno-rtti -fno-exceptions conftest.c >&5
configure:7473: $? = 0
configure:7486: result: yes
configure:7501: checking for cc option to produce PIC
configure:7741: result: -fno-common
configure:7749: checking if cc PIC flag -fno-common works
configure:7767: cc -c -I/usr/local/Cellar/libiconv/1.15/include -g -O2  -fno-common -DPIC conftest.c >&5
configure:7771: $? = 0
configure:7784: result: yes
configure:7812: checking if cc static flag -static works
configure:7840: result: no
configure:7850: checking if cc supports -c -o file.o
configure:7871: cc -c -I/usr/local/Cellar/libiconv/1.15/include -g -O2  -o out/conftest2.o conftest.c >&5
configure:7875: $? = 0
configure:7897: result: yes
configure:7923: checking whether the cc linker (/Applications/Xcode.app/Contents/Developer/Toolchains/XcodeDefault.xctoolchain/usr/bin/ld) supports shared libraries
configure:8851: result: yes
configure:8918: checking dynamic linker characteristics
configure:9516: result: darwin18.0.0 dyld
configure:9540: checking how to hardcode library paths into programs
configure:9565: result: immediate
configure:9579: checking whether stripping libraries is possible
configure:9593: result: yes
configure:10101: checking if libtool supports shared libraries
configure:10103: result: yes
configure:10106: checking whether to build shared libraries
configure:10127: result: yes
configure:10130: checking whether to build static libraries
configure:10134: result: no
configure:10229: result:
creating libtool
configure:13927: creating ./config.status

## ---------------------- ##
## Running config.status. ##
## ---------------------- ##

This file was extended by config.status, which was
generated by GNU Autoconf 2.69.  Invocation command line was

  CONFIG_FILES    = 
  CONFIG_HEADERS  = 
  CONFIG_LINKS    = 
  CONFIG_COMMANDS = 
  $ ./config.status 

on BJ1682.local

config.status:683: creating config.h
config.status:773: config.h is unchanged

## ---------------- ##
## Cache variables. ##
## ---------------- ##

ac_cv_build=x86_64-apple-darwin18.0.0
ac_cv_c_compiler_gnu=yes
ac_cv_env_CC_set=
ac_cv_env_CC_value=
ac_cv_env_CFLAGS_set=
ac_cv_env_CFLAGS_value=
ac_cv_env_CPPFLAGS_set=
ac_cv_env_CPPFLAGS_value=
ac_cv_env_CPP_set=
ac_cv_env_CPP_value=
ac_cv_env_LDFLAGS_set=
ac_cv_env_LDFLAGS_value=
ac_cv_env_LIBS_set=
ac_cv_env_LIBS_value=
ac_cv_env_build_alias_set=
ac_cv_env_build_alias_value=
ac_cv_env_host_alias_set=
ac_cv_env_host_alias_value=
ac_cv_env_target_alias_set=
ac_cv_env_target_alias_value=
ac_cv_header_dlfcn_h=yes
ac_cv_header_inttypes_h=yes
ac_cv_header_memory_h=yes
ac_cv_header_stdc=yes
ac_cv_header_stdint_h=yes
ac_cv_header_stdlib_h=yes
ac_cv_header_string_h=yes
ac_cv_header_strings_h=yes
ac_cv_header_sys_stat_h=yes
ac_cv_header_sys_types_h=yes
ac_cv_header_unistd_h=yes
ac_cv_host=x86_64-apple-darwin18.0.0
ac_cv_lib_iconv___libiconv=yes
ac_cv_objext=o
ac_cv_path_EGREP='/usr/bin/grep -E'
ac_cv_path_GREP=/usr/bin/grep
ac_cv_prog_AWK=awk
ac_cv_prog_CPP='cc -E'
ac_cv_prog_RE2C=re2c
ac_cv_prog_ac_ct_AR=ar
ac_cv_prog_ac_ct_CC=cc
ac_cv_prog_ac_ct_DSYMUTIL=dsymutil
ac_cv_prog_ac_ct_NMEDIT=nmedit
ac_cv_prog_ac_ct_RANLIB=ranlib
ac_cv_prog_ac_ct_STRIP=strip
ac_cv_prog_cc_c89=
ac_cv_prog_cc_cc_c_o=yes
ac_cv_prog_cc_g=yes
ac_cv_target=x86_64-apple-darwin18.0.0
lt_cv_apple_cc_single_mod=yes
lt_cv_deplibs_check_method=pass_all
lt_cv_file_magic_cmd='$MAGIC_CMD'
lt_cv_file_magic_test_file=
lt_cv_ld_exported_symbols_list=yes
lt_cv_ld_reload_flag=-r
lt_cv_objdir=.libs
lt_cv_path_LD=/Applications/Xcode.app/Contents/Developer/Toolchains/XcodeDefault.xctoolchain/usr/bin/ld
lt_cv_path_NM='/usr/bin/nm -B'
lt_cv_path_SED=/usr/bin/sed
lt_cv_prog_compiler_c_o=yes
lt_cv_prog_compiler_pic_works=yes
lt_cv_prog_compiler_rtti_exceptions=yes
lt_cv_prog_compiler_static_works=no
lt_cv_prog_gnu_ld=no
lt_cv_sys_global_symbol_pipe='sed -n -e '\''s/^.*[ 	]\([BCDEGRST][BCDEGRST]*\)[ 	][ 	]*_\([_A-Za-z][_A-Za-z0-9]*\)$/\1 _\2 \2/p'\'''
lt_cv_sys_global_symbol_to_c_name_address='sed -n -e '\''s/^: \([^ ]*\) $/  {\"\1\", (lt_ptr) 0},/p'\'' -e '\''s/^[BCDEGRST] \([^ ]*\) \([^ ]*\)$/  {"\2", (lt_ptr) \&\2},/p'\'''
lt_cv_sys_global_symbol_to_cdecl='sed -n -e '\''s/^. .* \(.*\)$/extern int \1;/p'\'''
lt_cv_sys_lib_dlsearch_path_spec='/usr/local/lib /lib /usr/lib'
lt_cv_sys_lib_search_path_spec='/Applications/Xcode.app/Contents/Developer/Toolchains/XcodeDefault.xctoolchain/usr/lib/clang/8.0.0 /usr/local/lib'
lt_cv_sys_max_cmd_len=196608
lt_lt_cv_prog_compiler_c_o='"yes"'
lt_lt_cv_sys_global_symbol_pipe='"sed -n -e '\''s/^.*[ 	]\\([BCDEGRST][BCDEGRST]*\\)[ 	][ 	]*_\\([_A-Za-z][_A-Za-z0-9]*\\)\$/\\1 _\\2 \\2/p'\''"'
lt_lt_cv_sys_global_symbol_to_c_name_address='"sed -n -e '\''s/^: \\([^ ]*\\) \$/  {\\\"\\1\\\", (lt_ptr) 0},/p'\'' -e '\''s/^[BCDEGRST] \\([^ ]*\\) \\([^ ]*\\)\$/  {\"\\2\", (lt_ptr) \\&\\2},/p'\''"'
lt_lt_cv_sys_global_symbol_to_cdecl='"sed -n -e '\''s/^. .* \\(.*\\)\$/extern int \\1;/p'\''"'
php_cv_cc_dashr=no
php_cv_cc_rpath=yes
php_cv_re2c_version='1.1.1 (ok)'

## ----------------- ##
## Output variables. ##
## ----------------- ##

AR='ar'
AWK='awk'
CC='cc'
CFLAGS='-I/usr/local/Cellar/libiconv/1.15/include -g -O2'
CONFIGURE_COMMAND=' '\''./configure'\''  '\''--with-iconv=/usr/local/Cellar/libiconv/1.15'\'''
CONFIGURE_OPTIONS=' '\''--with-iconv=/usr/local/Cellar/libiconv/1.15'\'''
CPP='cc -E'
CPPFLAGS=' -DHAVE_CONFIG_H'
DEFS='-DHAVE_CONFIG_H'
DSYMUTIL='dsymutil'
ECHO='/bin/echo'
ECHO_C='\c'
ECHO_N=''
ECHO_T=''
EGREP='/usr/bin/grep -E'
EXEEXT=''
GREP='/usr/bin/grep'
LDFLAGS='-liconv -L/usr/local/Cellar/libiconv/1.15/lib '
LIBOBJS=''
LIBS=''
LIBTOOL='$(SHELL) $(top_builddir)/libtool'
LN_S='ln -s'
LTLIBOBJS=''
NMEDIT='nmedit'
OBJEXT='o'
PACKAGE_BUGREPORT=''
PACKAGE_NAME=''
PACKAGE_STRING=''
PACKAGE_TARNAME=''
PACKAGE_URL=''
PACKAGE_VERSION=''
PATH_SEPARATOR=':'
RANLIB='ranlib'
RE2C='re2c'
SED='/usr/bin/sed'
SHELL='/bin/sh'
SHLIB_DL_SUFFIX_NAME='so'
SHLIB_SUFFIX_NAME='dylib'
STRIP='strip'
ac_ct_CC='cc'
bindir='${exec_prefix}/bin'
build='x86_64-apple-darwin18.0.0'
build_alias=''
build_cpu='x86_64'
build_os='darwin18.0.0'
build_vendor='apple'
datadir='${datarootdir}'
datarootdir='${prefix}/share'
docdir='${datarootdir}/doc/${PACKAGE}'
dvidir='${docdir}'
exec_prefix='$(prefix)'
host='x86_64-apple-darwin18.0.0'
host_alias='x86_64-apple-darwin18.0.0'
host_cpu='x86_64'
host_os='darwin18.0.0'
host_vendor='apple'
htmldir='${docdir}'
includedir='${prefix}/include'
infodir='${datarootdir}/info'
libdir='${exec_prefix}/lib'
libexecdir='${exec_prefix}/libexec'
localedir='${datarootdir}/locale'
localstatedir='${prefix}/var'
mandir='${datarootdir}/man'
oldincludedir='/usr/include'
pdfdir='${docdir}'
prefix='/usr/local'
program_transform_name='s,x,x,'
psdir='${docdir}'
sbindir='${exec_prefix}/sbin'
sharedstatedir='${prefix}/com'
sysconfdir='${prefix}/etc'
target='x86_64-apple-darwin18.0.0'
target_alias=''
target_cpu='x86_64'
target_os='darwin18.0.0'
target_vendor='apple'

## ----------- ##
## confdefs.h. ##
## ----------- ##

/* confdefs.h */
#define PACKAGE_NAME ""
#define PACKAGE_TARNAME ""
#define PACKAGE_VERSION ""
#define PACKAGE_STRING ""
#define PACKAGE_BUGREPORT ""
#define PACKAGE_URL ""
#define HAVE_LIBICONV 1
#define ICONV_ALIASED_LIBICONV 1
#define HAVE_ICONV 1
#define PHP_ICONV_IMPL "libiconv"
#define ICONV_SUPPORTS_ERRNO 1
#define ICONV_BROKEN_IGNORE 0
#define PHP_ICONV_H_PATH </usr/local/Cellar/libiconv/1.15/include/iconv.h>
#define COMPILE_DL_ICONV 1
#define STDC_HEADERS 1
#define HAVE_SYS_TYPES_H 1
#define HAVE_SYS_STAT_H 1
#define HAVE_STDLIB_H 1
#define HAVE_STRING_H 1
#define HAVE_MEMORY_H 1
#define HAVE_STRINGS_H 1
#define HAVE_INTTYPES_H 1
#define HAVE_STDINT_H 1
#define HAVE_UNISTD_H 1
#define HAVE_DLFCN_H 1

configure: exit 0
