This file contains any messages produced by compilers while
running configure, to aid debugging if configure makes a mistake.

It was created by configure, which was
generated by GNU Autoconf 2.69.  Invocation command line was

  $ ./configure 

## --------- ##
## Platform. ##
## --------- ##

hostname = BJ1682.local
uname -m = x86_64
uname -r = 18.0.0
uname -s = Darwin
uname -v = Darwin Kernel Version 18.0.0: Wed Aug 22 20:13:40 PDT 2018; root:xnu-4903.201.2~1/RELEASE_X86_64

/usr/bin/uname -p = i386
/bin/uname -X     = unknown

/bin/arch              = unknown
/usr/bin/arch -k       = unknown
/usr/convex/getsysinfo = unknown
/usr/bin/hostinfo      = Mach kernel version:
	 Darwin Kernel Version 18.0.0: Wed Aug 22 20:13:40 PDT 2018; root:xnu-4903.201.2~1/RELEASE_X86_64
Kernel configured for up to 4 processors.
2 processors are physically available.
4 processors are logically available.
Processor type: x86_64h (Intel x86-64h Haswell)
Processors active: 0 1 2 3
Primary memory available: 8.00 gigabytes
Default processor set: 374 tasks, 2281 threads, 4 processors
Load average: 1.84, Mach factor: 2.15
/bin/machine           = unknown
/usr/bin/oslevel       = unknown
/bin/universe          = unknown

PATH: /usr/local/bin
PATH: /usr/bin
PATH: /bin
PATH: /usr/sbin
PATH: /sbin
PATH: /usr/local/go/bin
PATH: /Library/Frameworks/Mono.framework/Versions/Current/Commands


## ----------- ##
## Core tests. ##
## ----------- ##

configure:2543: checking for grep that handles long lines and -e
configure:2601: result: /usr/bin/grep
configure:2606: checking for egrep
configure:2668: result: /usr/bin/grep -E
configure:2673: checking for a sed that does not truncate output
configure:2727: result: /usr/bin/sed
configure:2864: checking for cc
configure:2880: found /usr/bin/cc
configure:2891: result: cc
configure:2922: checking for C compiler version
configure:2931: cc --version >&5
Apple LLVM version 8.0.0 (clang-800.0.38)
Target: x86_64-apple-darwin18.0.0
Thread model: posix
InstalledDir: /Applications/Xcode.app/Contents/Developer/Toolchains/XcodeDefault.xctoolchain/usr/bin
configure:2942: $? = 0
configure:2931: cc -v >&5
Apple LLVM version 8.0.0 (clang-800.0.38)
Target: x86_64-apple-darwin18.0.0
Thread model: posix
InstalledDir: /Applications/Xcode.app/Contents/Developer/Toolchains/XcodeDefault.xctoolchain/usr/bin
configure:2942: $? = 0
configure:2931: cc -V >&5
clang: error: argument to '-V' is missing (expected 1 value)
clang: error: no input files
configure:2942: $? = 1
configure:2931: cc -qversion >&5
clang: error: unknown argument: '-qversion'
clang: error: no input files
configure:2942: $? = 1
configure:2962: checking whether the C compiler works
configure:2984: cc    conftest.c  >&5
configure:2988: $? = 0
configure:3036: result: yes
configure:3039: checking for C compiler default output file name
configure:3041: result: a.out
configure:3047: checking for suffix of executables
configure:3054: cc -o conftest    conftest.c  >&5
configure:3058: $? = 0
configure:3080: result: 
configure:3102: checking whether we are cross compiling
configure:3110: cc -o conftest    conftest.c  >&5
configure:3114: $? = 0
configure:3121: ./conftest
configure:3125: $? = 0
configure:3140: result: no
configure:3145: checking for suffix of object files
configure:3167: cc -c   conftest.c >&5
configure:3171: $? = 0
configure:3192: result: o
configure:3196: checking whether we are using the GNU C compiler
configure:3215: cc -c   conftest.c >&5
configure:3215: $? = 0
configure:3224: result: yes
configure:3233: checking whether cc accepts -g
configure:3253: cc -c -g  conftest.c >&5
configure:3253: $? = 0
configure:3294: result: yes
configure:3311: checking for cc option to accept ISO C89
configure:3374: cc  -c -g -O2  conftest.c >&5
configure:3374: $? = 0
configure:3387: result: none needed
configure:3413: checking how to run the C preprocessor
configure:3444: cc -E  conftest.c
configure:3444: $? = 0
configure:3458: cc -E  conftest.c
conftest.c:9:10: fatal error: 'ac_nonexistent.h' file not found
#include <ac_nonexistent.h>
         ^
1 error generated.
configure:3458: $? = 1
configure: failed program was:
| /* confdefs.h */
| #define PACKAGE_NAME ""
| #define PACKAGE_TARNAME ""
| #define PACKAGE_VERSION ""
| #define PACKAGE_STRING ""
| #define PACKAGE_BUGREPORT ""
| #define PACKAGE_URL ""
| /* end confdefs.h.  */
| #include <ac_nonexistent.h>
configure:3483: result: cc -E
configure:3503: cc -E  conftest.c
configure:3503: $? = 0
configure:3517: cc -E  conftest.c
conftest.c:9:10: fatal error: 'ac_nonexistent.h' file not found
#include <ac_nonexistent.h>
         ^
1 error generated.
configure:3517: $? = 1
configure: failed program was:
| /* confdefs.h */
| #define PACKAGE_NAME ""
| #define PACKAGE_TARNAME ""
| #define PACKAGE_VERSION ""
| #define PACKAGE_STRING ""
| #define PACKAGE_BUGREPORT ""
| #define PACKAGE_URL ""
| /* end confdefs.h.  */
| #include <ac_nonexistent.h>
configure:3548: checking for icc
configure:3557: result: no
configure:3571: checking for suncc
configure:3580: result: no
configure:3598: checking whether cc understands -c and -o together
configure:3626: cc -c conftest.c -o conftest2.o >&5
configure:3630: $? = 0
configure:3636: cc -c conftest.c -o conftest2.o >&5
configure:3640: $? = 0
configure:3695: result: yes
configure:3709: checking for system library directory
configure:3724: result: lib
configure:3731: checking if compiler supports -R
configure:3750: cc -o conftest -g -O2   conftest.c -R /usr/lib  >&5
warning: unknown remark option '-R' [-Wunknown-warning-option]
1 warning generated.
ld: can't map file, errno=22 file '/Applications/Xcode.app/Contents/Developer/Platforms/MacOSX.platform/Developer/SDKs/MacOSX10.12.sdk/usr/lib' for architecture x86_64
clang: error: linker command failed with exit code 1 (use -v to see invocation)
configure:3750: $? = 1
configure: failed program was:
| /* confdefs.h */
| #define PACKAGE_NAME ""
| #define PACKAGE_TARNAME ""
| #define PACKAGE_VERSION ""
| #define PACKAGE_STRING ""
| #define PACKAGE_BUGREPORT ""
| #define PACKAGE_URL ""
| /* end confdefs.h.  */
| 
| int
| main ()
| {
| 
|   ;
|   return 0;
| }
configure:3760: result: no
configure:3765: checking if compiler supports -Wl,-rpath,
configure:3784: cc -o conftest -g -O2   conftest.c -Wl,-rpath,/usr/lib  >&5
configure:3784: $? = 0
configure:3794: result: yes
configure:3839: checking build system type
configure:3853: result: x86_64-apple-darwin18.0.0
configure:3873: checking host system type
configure:3886: result: x86_64-apple-darwin18.0.0
configure:3906: checking target system type
configure:3919: result: x86_64-apple-darwin18.0.0
configure:4022: checking for PHP prefix
configure:4024: result: /usr/local
configure:4026: checking for PHP includes
configure:4028: result: -I/usr/local/include/php -I/usr/local/include/php/main -I/usr/local/include/php/TSRM -I/usr/local/include/php/Zend -I/usr/local/include/php/ext -I/usr/local/include/php/ext/date/lib
configure:4030: checking for PHP extension directory
configure:4032: result: /usr/local/lib/php/extensions/no-debug-non-zts-20170718
configure:4034: checking for PHP installed headers prefix
configure:4036: result: /usr/local/include/php
configure:4039: checking if debug is enabled
configure:4065: result: no
configure:4068: checking if zts is enabled
configure:4094: result: no
configure:4165: checking for re2c
configure:4181: found /usr/local/bin/re2c
configure:4192: result: re2c
configure:4201: checking for re2c version
configure:4215: result: 1.1.1 (ok)
configure:4234: checking for gawk
configure:4265: result: no
configure:4234: checking for nawk
configure:4265: result: no
configure:4234: checking for awk
configure:4251: found /usr/bin/awk
configure:4262: result: awk
configure:4285: checking if awk is broken
configure:4292: result: no
configure:4327: checking whether to enable multibyte string support
configure:4366: result: yes, shared
configure:4375: checking whether to enable multibyte regex support
configure:4389: result: yes
configure:4398: checking whether to check multibyte regex backtrack
configure:4412: result: yes
configure:4421: checking for external libmbfl
configure:4436: result: no
configure:4445: checking for external oniguruma
configure:4460: result: no
configure:4476: checking for ANSI C header files
configure:4496: cc -c -g -O2  conftest.c >&5
configure:4496: $? = 0
configure:4569: cc -o conftest -g -O2   conftest.c  >&5
configure:4569: $? = 0
configure:4569: ./conftest
configure:4569: $? = 0
configure:4580: result: yes
configure:4593: checking for sys/types.h
configure:4593: cc -c -g -O2  conftest.c >&5
configure:4593: $? = 0
configure:4593: result: yes
configure:4593: checking for sys/stat.h
configure:4593: cc -c -g -O2  conftest.c >&5
configure:4593: $? = 0
configure:4593: result: yes
configure:4593: checking for stdlib.h
configure:4593: cc -c -g -O2  conftest.c >&5
configure:4593: $? = 0
configure:4593: result: yes
configure:4593: checking for string.h
configure:4593: cc -c -g -O2  conftest.c >&5
configure:4593: $? = 0
configure:4593: result: yes
configure:4593: checking for memory.h
configure:4593: cc -c -g -O2  conftest.c >&5
configure:4593: $? = 0
configure:4593: result: yes
configure:4593: checking for strings.h
configure:4593: cc -c -g -O2  conftest.c >&5
configure:4593: $? = 0
configure:4593: result: yes
configure:4593: checking for inttypes.h
configure:4593: cc -c -g -O2  conftest.c >&5
configure:4593: $? = 0
configure:4593: result: yes
configure:4593: checking for stdint.h
configure:4593: cc -c -g -O2  conftest.c >&5
configure:4593: $? = 0
configure:4593: result: yes
configure:4593: checking for unistd.h
configure:4593: cc -c -g -O2  conftest.c >&5
configure:4593: $? = 0
configure:4593: result: yes
configure:4605: checking for size_t
configure:4605: cc -c -g -O2  conftest.c >&5
configure:4605: $? = 0
configure:4605: cc -c -g -O2  conftest.c >&5
conftest.c:56:21: error: expected expression
if (sizeof ((size_t)))
                    ^
1 error generated.
configure:4605: $? = 1
configure: failed program was:
| /* confdefs.h */
| #define PACKAGE_NAME ""
| #define PACKAGE_TARNAME ""
| #define PACKAGE_VERSION ""
| #define PACKAGE_STRING ""
| #define PACKAGE_BUGREPORT ""
| #define PACKAGE_URL ""
| #define HAVE_MBSTRING 1
| #define STDC_HEADERS 1
| #define HAVE_SYS_TYPES_H 1
| #define HAVE_SYS_STAT_H 1
| #define HAVE_STDLIB_H 1
| #define HAVE_STRING_H 1
| #define HAVE_MEMORY_H 1
| #define HAVE_STRINGS_H 1
| #define HAVE_INTTYPES_H 1
| #define HAVE_STDINT_H 1
| #define HAVE_UNISTD_H 1
| /* end confdefs.h.  */
| #include <stdio.h>
| #ifdef HAVE_SYS_TYPES_H
| # include <sys/types.h>
| #endif
| #ifdef HAVE_SYS_STAT_H
| # include <sys/stat.h>
| #endif
| #ifdef STDC_HEADERS
| # include <stdlib.h>
| # include <stddef.h>
| #else
| # ifdef HAVE_STDLIB_H
| #  include <stdlib.h>
| # endif
| #endif
| #ifdef HAVE_STRING_H
| # if !defined STDC_HEADERS && defined HAVE_MEMORY_H
| #  include <memory.h>
| # endif
| # include <string.h>
| #endif
| #ifdef HAVE_STRINGS_H
| # include <strings.h>
| #endif
| #ifdef HAVE_INTTYPES_H
| # include <inttypes.h>
| #endif
| #ifdef HAVE_STDINT_H
| # include <stdint.h>
| #endif
| #ifdef HAVE_UNISTD_H
| # include <unistd.h>
| #endif
| int
| main ()
| {
| if (sizeof ((size_t)))
| 	    return 0;
|   ;
|   return 0;
| }
configure:4605: result: yes
configure:4626: checking for variable length prototypes and stdarg.h
configure:4652: cc -o conftest -g -O2   conftest.c  >&5
configure:4652: $? = 0
configure:4652: ./conftest
configure:4652: $? = 0
configure:4663: result: yes
configure:4669: checking for stdlib.h
configure:4669: result: yes
configure:4669: checking for string.h
configure:4669: result: yes
configure:4669: checking for strings.h
configure:4669: result: yes
configure:4669: checking for unistd.h
configure:4669: result: yes
configure:4669: checking sys/time.h usability
configure:4669: cc -c -g -O2  conftest.c >&5
configure:4669: $? = 0
configure:4669: result: yes
configure:4669: checking sys/time.h presence
configure:4669: cc -E  conftest.c
configure:4669: $? = 0
configure:4669: result: yes
configure:4669: checking for sys/time.h
configure:4669: result: yes
configure:4669: checking sys/times.h usability
configure:4669: cc -c -g -O2  conftest.c >&5
configure:4669: $? = 0
configure:4669: result: yes
configure:4669: checking sys/times.h presence
configure:4669: cc -E  conftest.c
configure:4669: $? = 0
configure:4669: result: yes
configure:4669: checking for sys/times.h
configure:4669: result: yes
configure:4669: checking stdarg.h usability
configure:4669: cc -c -g -O2  conftest.c >&5
configure:4669: $? = 0
configure:4669: result: yes
configure:4669: checking stdarg.h presence
configure:4669: cc -E  conftest.c
configure:4669: $? = 0
configure:4669: result: yes
configure:4669: checking for stdarg.h
configure:4669: result: yes
configure:4683: checking size of int
configure:4688: cc -o conftest -g -O2   conftest.c  >&5
configure:4688: $? = 0
configure:4688: ./conftest
configure:4688: $? = 0
configure:4702: result: 4
configure:4716: checking size of short
configure:4721: cc -o conftest -g -O2   conftest.c  >&5
configure:4721: $? = 0
configure:4721: ./conftest
configure:4721: $? = 0
configure:4735: result: 2
configure:4749: checking size of long
configure:4754: cc -o conftest -g -O2   conftest.c  >&5
configure:4754: $? = 0
configure:4754: ./conftest
configure:4754: $? = 0
configure:4768: result: 8
configure:4778: checking for an ANSI C-conforming const
configure:4844: cc -c -g -O2  conftest.c >&5
configure:4844: $? = 0
configure:4851: result: yes
configure:4859: checking whether time.h and sys/time.h may both be included
configure:4879: cc -c -g -O2  conftest.c >&5
configure:4879: $? = 0
configure:4886: result: yes
configure:4896: checking for working alloca.h
configure:4913: cc -o conftest -g -O2   conftest.c  >&5
configure:4913: $? = 0
configure:4921: result: yes
configure:4929: checking for alloca
configure:4966: cc -o conftest -g -O2   conftest.c  >&5
configure:4966: $? = 0
configure:4974: result: yes
configure:5080: checking for working memcmp
configure:5123: cc -o conftest -g -O2   conftest.c  >&5
configure:5123: $? = 0
configure:5123: ./conftest
configure:5123: $? = 0
configure:5133: result: yes
configure:5142: checking for stdarg.h
configure:5142: result: yes
configure:6633: checking for ld used by cc
configure:6700: result: /Applications/Xcode.app/Contents/Developer/Toolchains/XcodeDefault.xctoolchain/usr/bin/ld
configure:6707: checking if the linker (/Applications/Xcode.app/Contents/Developer/Toolchains/XcodeDefault.xctoolchain/usr/bin/ld) is GNU ld
configure:6722: result: no
configure:6727: checking for /Applications/Xcode.app/Contents/Developer/Toolchains/XcodeDefault.xctoolchain/usr/bin/ld option to reload object files
configure:6734: result: -r
configure:6752: checking for BSD-compatible nm
configure:6801: result: /usr/bin/nm -B
configure:6805: checking whether ln -s works
configure:6809: result: yes
configure:6816: checking how to recognize dependent libraries
configure:7002: result: pass_all
configure:7222: checking dlfcn.h usability
configure:7222: cc -c -g -O2  conftest.c >&5
configure:7222: $? = 0
configure:7222: result: yes
configure:7222: checking dlfcn.h presence
configure:7222: cc -E  conftest.c
configure:7222: $? = 0
configure:7222: result: yes
configure:7222: checking for dlfcn.h
configure:7222: result: yes
configure:7244: checking the maximum length of command line arguments
configure:7356: result: 196608
configure:7368: checking command to parse /usr/bin/nm -B output from cc object
configure:7473: cc -c -g -O2  conftest.c >&5
configure:7476: $? = 0
configure:7480: /usr/bin/nm -B conftest.o \| sed -n -e 's/^.*[ 	]\([BCDEGRST][BCDEGRST]*\)[ 	][ 	]*\([_A-Za-z][_A-Za-z0-9]*\)$/\1 \2 \2/p' \> conftest.nm
configure:7483: $? = 0
cannot find nm_test_var in conftest.nm
configure:7473: cc -c -g -O2  conftest.c >&5
configure:7476: $? = 0
configure:7480: /usr/bin/nm -B conftest.o \| sed -n -e 's/^.*[ 	]\([BCDEGRST][BCDEGRST]*\)[ 	][ 	]*_\([_A-Za-z][_A-Za-z0-9]*\)$/\1 _\2 \2/p' \> conftest.nm
configure:7483: $? = 0
configure:7535: cc -o conftest -g -O2   conftest.c conftstm.o >&5
warning: (x86_64)  could not find object file symbol for symbol _main
configure:7538: $? = 0
configure:7576: result: ok
configure:7580: checking for objdir
configure:7595: result: .libs
configure:7687: checking for ar
configure:7703: found /usr/bin/ar
configure:7714: result: ar
configure:7779: checking for ranlib
configure:7795: found /usr/bin/ranlib
configure:7806: result: ranlib
configure:7871: checking for strip
configure:7887: found /usr/bin/strip
configure:7898: result: strip
configure:8151: checking for dsymutil
configure:8167: found /usr/bin/dsymutil
configure:8178: result: dsymutil
configure:8243: checking for nmedit
configure:8259: found /usr/bin/nmedit
configure:8270: result: nmedit
configure:8293: checking for -single_module linker flag
configure:8314: result: yes
configure:8316: checking for -exported_symbols_list linker flag
configure:8332: cc -o conftest -g -O2   -Wl,-exported_symbols_list,conftest.sym conftest.c  >&5
configure:8335: $? = 0
configure:8349: result: yes
configure:8467: checking if cc supports -fno-rtti -fno-exceptions
configure:8485: cc -c -g -O2  -fno-rtti -fno-exceptions conftest.c >&5
configure:8489: $? = 0
configure:8502: result: yes
configure:8517: checking for cc option to produce PIC
configure:8757: result: -fno-common
configure:8765: checking if cc PIC flag -fno-common works
configure:8783: cc -c -g -O2  -fno-common -DPIC conftest.c >&5
configure:8787: $? = 0
configure:8800: result: yes
configure:8828: checking if cc static flag -static works
configure:8856: result: no
configure:8866: checking if cc supports -c -o file.o
configure:8887: cc -c -g -O2  -o out/conftest2.o conftest.c >&5
configure:8891: $? = 0
configure:8913: result: yes
configure:8939: checking whether the cc linker (/Applications/Xcode.app/Contents/Developer/Toolchains/XcodeDefault.xctoolchain/usr/bin/ld) supports shared libraries
configure:9867: result: yes
configure:9934: checking dynamic linker characteristics
configure:10532: result: darwin18.0.0 dyld
configure:10556: checking how to hardcode library paths into programs
configure:10581: result: immediate
configure:10595: checking whether stripping libraries is possible
configure:10609: result: yes
configure:11117: checking if libtool supports shared libraries
configure:11119: result: yes
configure:11122: checking whether to build shared libraries
configure:11143: result: yes
configure:11146: checking whether to build static libraries
configure:11150: result: no
configure:11245: result:
creating libtool
configure:14943: creating ./config.status

## ---------------------- ##
## Running config.status. ##
## ---------------------- ##

This file was extended by config.status, which was
generated by GNU Autoconf 2.69.  Invocation command line was

  CONFIG_FILES    = 
  CONFIG_HEADERS  = 
  CONFIG_LINKS    = 
  CONFIG_COMMANDS = 
  $ ./config.status 

on BJ1682.local

config.status:695: creating config.h

## ---------------- ##
## Cache variables. ##
## ---------------- ##

ac_cv_build=x86_64-apple-darwin18.0.0
ac_cv_c_compiler_gnu=yes
ac_cv_c_const=yes
ac_cv_env_CC_set=
ac_cv_env_CC_value=
ac_cv_env_CFLAGS_set=
ac_cv_env_CFLAGS_value=
ac_cv_env_CPPFLAGS_set=
ac_cv_env_CPPFLAGS_value=
ac_cv_env_CPP_set=
ac_cv_env_CPP_value=
ac_cv_env_LDFLAGS_set=
ac_cv_env_LDFLAGS_value=
ac_cv_env_LIBS_set=
ac_cv_env_LIBS_value=
ac_cv_env_build_alias_set=
ac_cv_env_build_alias_value=
ac_cv_env_host_alias_set=
ac_cv_env_host_alias_value=
ac_cv_env_target_alias_set=
ac_cv_env_target_alias_value=
ac_cv_func_alloca_works=yes
ac_cv_func_memcmp_working=yes
ac_cv_header_dlfcn_h=yes
ac_cv_header_inttypes_h=yes
ac_cv_header_memory_h=yes
ac_cv_header_stdarg_h=yes
ac_cv_header_stdc=yes
ac_cv_header_stdint_h=yes
ac_cv_header_stdlib_h=yes
ac_cv_header_string_h=yes
ac_cv_header_strings_h=yes
ac_cv_header_sys_stat_h=yes
ac_cv_header_sys_time_h=yes
ac_cv_header_sys_times_h=yes
ac_cv_header_sys_types_h=yes
ac_cv_header_time=yes
ac_cv_header_unistd_h=yes
ac_cv_host=x86_64-apple-darwin18.0.0
ac_cv_objext=o
ac_cv_path_EGREP='/usr/bin/grep -E'
ac_cv_path_GREP=/usr/bin/grep
ac_cv_prog_AWK=awk
ac_cv_prog_CPP='cc -E'
ac_cv_prog_RE2C=re2c
ac_cv_prog_ac_ct_AR=ar
ac_cv_prog_ac_ct_CC=cc
ac_cv_prog_ac_ct_DSYMUTIL=dsymutil
ac_cv_prog_ac_ct_NMEDIT=nmedit
ac_cv_prog_ac_ct_RANLIB=ranlib
ac_cv_prog_ac_ct_STRIP=strip
ac_cv_prog_cc_c89=
ac_cv_prog_cc_cc_c_o=yes
ac_cv_prog_cc_g=yes
ac_cv_sizeof_int=4
ac_cv_sizeof_long=8
ac_cv_sizeof_short=2
ac_cv_target=x86_64-apple-darwin18.0.0
ac_cv_type_size_t=yes
ac_cv_working_alloca_h=yes
lt_cv_apple_cc_single_mod=yes
lt_cv_deplibs_check_method=pass_all
lt_cv_file_magic_cmd='$MAGIC_CMD'
lt_cv_file_magic_test_file=
lt_cv_ld_exported_symbols_list=yes
lt_cv_ld_reload_flag=-r
lt_cv_objdir=.libs
lt_cv_path_LD=/Applications/Xcode.app/Contents/Developer/Toolchains/XcodeDefault.xctoolchain/usr/bin/ld
lt_cv_path_NM='/usr/bin/nm -B'
lt_cv_path_SED=/usr/bin/sed
lt_cv_prog_compiler_c_o=yes
lt_cv_prog_compiler_pic_works=yes
lt_cv_prog_compiler_rtti_exceptions=yes
lt_cv_prog_compiler_static_works=no
lt_cv_prog_gnu_ld=no
lt_cv_sys_global_symbol_pipe='sed -n -e '\''s/^.*[ 	]\([BCDEGRST][BCDEGRST]*\)[ 	][ 	]*_\([_A-Za-z][_A-Za-z0-9]*\)$/\1 _\2 \2/p'\'''
lt_cv_sys_global_symbol_to_c_name_address='sed -n -e '\''s/^: \([^ ]*\) $/  {\"\1\", (lt_ptr) 0},/p'\'' -e '\''s/^[BCDEGRST] \([^ ]*\) \([^ ]*\)$/  {"\2", (lt_ptr) \&\2},/p'\'''
lt_cv_sys_global_symbol_to_cdecl='sed -n -e '\''s/^. .* \(.*\)$/extern int \1;/p'\'''
lt_cv_sys_lib_dlsearch_path_spec='/usr/local/lib /lib /usr/lib'
lt_cv_sys_lib_search_path_spec='/Applications/Xcode.app/Contents/Developer/Toolchains/XcodeDefault.xctoolchain/usr/lib/clang/8.0.0 /usr/local/lib'
lt_cv_sys_max_cmd_len=196608
lt_lt_cv_prog_compiler_c_o='"yes"'
lt_lt_cv_sys_global_symbol_pipe='"sed -n -e '\''s/^.*[ 	]\\([BCDEGRST][BCDEGRST]*\\)[ 	][ 	]*_\\([_A-Za-z][_A-Za-z0-9]*\\)\$/\\1 _\\2 \\2/p'\''"'
lt_lt_cv_sys_global_symbol_to_c_name_address='"sed -n -e '\''s/^: \\([^ ]*\\) \$/  {\\\"\\1\\\", (lt_ptr) 0},/p'\'' -e '\''s/^[BCDEGRST] \\([^ ]*\\) \\([^ ]*\\)\$/  {\"\\2\", (lt_ptr) \\&\\2},/p'\''"'
lt_lt_cv_sys_global_symbol_to_cdecl='"sed -n -e '\''s/^. .* \\(.*\\)\$/extern int \\1;/p'\''"'
php_cv_cc_dashr=no
php_cv_cc_rpath=yes
php_cv_mbstring_stdarg=yes
php_cv_re2c_version='1.1.1 (ok)'

## ----------------- ##
## Output variables. ##
## ----------------- ##

ALLOCA=''
AR='ar'
AWK='awk'
CC='cc'
CFLAGS='-g -O2'
CONFIGURE_COMMAND=' '\''./configure'\'' '
CONFIGURE_OPTIONS=''
CPP='cc -E'
CPPFLAGS=' -DHAVE_CONFIG_H'
DEFS='-DHAVE_CONFIG_H'
DSYMUTIL='dsymutil'
ECHO='/bin/echo'
ECHO_C='\c'
ECHO_N=''
ECHO_T=''
EGREP='/usr/bin/grep -E'
EXEEXT=''
GREP='/usr/bin/grep'
LDFLAGS=''
LIBOBJS=''
LIBS=''
LIBTOOL='$(SHELL) $(top_builddir)/libtool'
LN_S='ln -s'
LTLIBOBJS=''
NMEDIT='nmedit'
OBJEXT='o'
PACKAGE_BUGREPORT=''
PACKAGE_NAME=''
PACKAGE_STRING=''
PACKAGE_TARNAME=''
PACKAGE_URL=''
PACKAGE_VERSION=''
PATH_SEPARATOR=':'
RANLIB='ranlib'
RE2C='re2c'
SED='/usr/bin/sed'
SHELL='/bin/sh'
SHLIB_DL_SUFFIX_NAME='so'
SHLIB_SUFFIX_NAME='dylib'
STRIP='strip'
ac_ct_CC='cc'
bindir='${exec_prefix}/bin'
build='x86_64-apple-darwin18.0.0'
build_alias=''
build_cpu='x86_64'
build_os='darwin18.0.0'
build_vendor='apple'
datadir='${datarootdir}'
datarootdir='${prefix}/share'
docdir='${datarootdir}/doc/${PACKAGE}'
dvidir='${docdir}'
exec_prefix='$(prefix)'
host='x86_64-apple-darwin18.0.0'
host_alias='x86_64-apple-darwin18.0.0'
host_cpu='x86_64'
host_os='darwin18.0.0'
host_vendor='apple'
htmldir='${docdir}'
includedir='${prefix}/include'
infodir='${datarootdir}/info'
libdir='${exec_prefix}/lib'
libexecdir='${exec_prefix}/libexec'
localedir='${datarootdir}/locale'
localstatedir='${prefix}/var'
mandir='${datarootdir}/man'
oldincludedir='/usr/include'
pdfdir='${docdir}'
prefix='/usr/local'
program_transform_name='s,x,x,'
psdir='${docdir}'
sbindir='${exec_prefix}/sbin'
sharedstatedir='${prefix}/com'
sysconfdir='${prefix}/etc'
target='x86_64-apple-darwin18.0.0'
target_alias=''
target_cpu='x86_64'
target_os='darwin18.0.0'
target_vendor='apple'

## ----------- ##
## confdefs.h. ##
## ----------- ##

/* confdefs.h */
#define PACKAGE_NAME ""
#define PACKAGE_TARNAME ""
#define PACKAGE_VERSION ""
#define PACKAGE_STRING ""
#define PACKAGE_BUGREPORT ""
#define PACKAGE_URL ""
#define HAVE_MBSTRING 1
#define STDC_HEADERS 1
#define HAVE_SYS_TYPES_H 1
#define HAVE_SYS_STAT_H 1
#define HAVE_STDLIB_H 1
#define HAVE_STRING_H 1
#define HAVE_MEMORY_H 1
#define HAVE_STRINGS_H 1
#define HAVE_INTTYPES_H 1
#define HAVE_STDINT_H 1
#define HAVE_UNISTD_H 1
#define USE_COMBINATION_EXPLOSION_CHECK 1
#define HAVE_STDLIB_H 1
#define HAVE_STRING_H 1
#define HAVE_STRINGS_H 1
#define HAVE_UNISTD_H 1
#define HAVE_SYS_TIME_H 1
#define HAVE_SYS_TIMES_H 1
#define HAVE_STDARG_H 1
#define SIZEOF_INT 4
#define SIZEOF_SHORT 2
#define SIZEOF_LONG 8
#define TIME_WITH_SYS_TIME 1
#define HAVE_ALLOCA_H 1
#define HAVE_ALLOCA 1
#define HAVE_STDARG_PROTOTYPES 1
#define PHP_ONIG_BUNDLED 1
#define HAVE_ONIG 1
#define HAVE_MBREGEX 1
#define COMPILE_DL_MBSTRING 1
#define HAVE_DLFCN_H 1

configure: exit 0
