This file contains any messages produced by compilers while
running configure, to aid debugging if configure makes a mistake.

It was created by configure, which was
generated by GNU Autoconf 2.69.  Invocation command line was

  $ ./configure 

## --------- ##
## Platform. ##
## --------- ##

hostname = BJ1682.local
uname -m = x86_64
uname -r = 18.0.0
uname -s = Darwin
uname -v = Darwin Kernel Version 18.0.0: Wed Aug 22 20:13:40 PDT 2018; root:xnu-4903.201.2~1/RELEASE_X86_64

/usr/bin/uname -p = i386
/bin/uname -X     = unknown

/bin/arch              = unknown
/usr/bin/arch -k       = unknown
/usr/convex/getsysinfo = unknown
/usr/bin/hostinfo      = Mach kernel version:
	 Darwin Kernel Version 18.0.0: Wed Aug 22 20:13:40 PDT 2018; root:xnu-4903.201.2~1/RELEASE_X86_64
Kernel configured for up to 4 processors.
2 processors are physically available.
4 processors are logically available.
Processor type: x86_64h (Intel x86-64h Haswell)
Processors active: 0 1 2 3
Primary memory available: 8.00 gigabytes
Default processor set: 412 tasks, 1965 threads, 4 processors
Load average: 2.13, Mach factor: 2.19
/bin/machine           = unknown
/usr/bin/oslevel       = unknown
/bin/universe          = unknown

PATH: /Users/momo/.composer/vendor/bin
PATH: /Users/momo/go/bin
PATH: /usr/local/Cellar/openresty/1.13.6.1/nginx/sbin
PATH: /Users/momo/bin
PATH: /usr/local/bin
PATH: /usr/local/bin
PATH: /usr/bin
PATH: /bin
PATH: /usr/sbin
PATH: /sbin
PATH: /usr/local/go/bin
PATH: /Library/Frameworks/Mono.framework/Versions/Current/Commands


## ----------- ##
## Core tests. ##
## ----------- ##

configure:2310: checking for grep that handles long lines and -e
configure:2368: result: /usr/bin/grep
configure:2373: checking for egrep
configure:2435: result: /usr/bin/grep -E
configure:2440: checking for a sed that does not truncate output
configure:2494: result: /usr/bin/sed
configure:2631: checking for cc
configure:2647: found /usr/bin/cc
configure:2658: result: cc
configure:2689: checking for C compiler version
configure:2698: cc --version >&5
Apple LLVM version 8.0.0 (clang-800.0.38)
Target: x86_64-apple-darwin18.0.0
Thread model: posix
InstalledDir: /Applications/Xcode.app/Contents/Developer/Toolchains/XcodeDefault.xctoolchain/usr/bin
configure:2709: $? = 0
configure:2698: cc -v >&5
Apple LLVM version 8.0.0 (clang-800.0.38)
Target: x86_64-apple-darwin18.0.0
Thread model: posix
InstalledDir: /Applications/Xcode.app/Contents/Developer/Toolchains/XcodeDefault.xctoolchain/usr/bin
configure:2709: $? = 0
configure:2698: cc -V >&5
clang: error: argument to '-V' is missing (expected 1 value)
clang: error: no input files
configure:2709: $? = 1
configure:2698: cc -qversion >&5
clang: error: unknown argument: '-qversion'
clang: error: no input files
configure:2709: $? = 1
configure:2729: checking whether the C compiler works
configure:2751: cc    conftest.c  >&5
configure:2755: $? = 0
configure:2803: result: yes
configure:2806: checking for C compiler default output file name
configure:2808: result: a.out
configure:2814: checking for suffix of executables
configure:2821: cc -o conftest    conftest.c  >&5
configure:2825: $? = 0
configure:2847: result: 
configure:2869: checking whether we are cross compiling
configure:2877: cc -o conftest    conftest.c  >&5
configure:2881: $? = 0
configure:2888: ./conftest
configure:2892: $? = 0
configure:2907: result: no
configure:2912: checking for suffix of object files
configure:2934: cc -c   conftest.c >&5
configure:2938: $? = 0
configure:2959: result: o
configure:2963: checking whether we are using the GNU C compiler
configure:2982: cc -c   conftest.c >&5
configure:2982: $? = 0
configure:2991: result: yes
configure:3000: checking whether cc accepts -g
configure:3020: cc -c -g  conftest.c >&5
configure:3020: $? = 0
configure:3061: result: yes
configure:3078: checking for cc option to accept ISO C89
configure:3141: cc  -c -g -O2  conftest.c >&5
configure:3141: $? = 0
configure:3154: result: none needed
configure:3180: checking how to run the C preprocessor
configure:3211: cc -E  conftest.c
configure:3211: $? = 0
configure:3225: cc -E  conftest.c
conftest.c:9:10: fatal error: 'ac_nonexistent.h' file not found
#include <ac_nonexistent.h>
         ^
1 error generated.
configure:3225: $? = 1
configure: failed program was:
| /* confdefs.h */
| #define PACKAGE_NAME ""
| #define PACKAGE_TARNAME ""
| #define PACKAGE_VERSION ""
| #define PACKAGE_STRING ""
| #define PACKAGE_BUGREPORT ""
| #define PACKAGE_URL ""
| /* end confdefs.h.  */
| #include <ac_nonexistent.h>
configure:3250: result: cc -E
configure:3270: cc -E  conftest.c
configure:3270: $? = 0
configure:3284: cc -E  conftest.c
conftest.c:9:10: fatal error: 'ac_nonexistent.h' file not found
#include <ac_nonexistent.h>
         ^
1 error generated.
configure:3284: $? = 1
configure: failed program was:
| /* confdefs.h */
| #define PACKAGE_NAME ""
| #define PACKAGE_TARNAME ""
| #define PACKAGE_VERSION ""
| #define PACKAGE_STRING ""
| #define PACKAGE_BUGREPORT ""
| #define PACKAGE_URL ""
| /* end confdefs.h.  */
| #include <ac_nonexistent.h>
configure:3315: checking for icc
configure:3324: result: no
configure:3338: checking for suncc
configure:3347: result: no
configure:3365: checking whether cc understands -c and -o together
configure:3393: cc -c conftest.c -o conftest2.o >&5
configure:3397: $? = 0
configure:3403: cc -c conftest.c -o conftest2.o >&5
configure:3407: $? = 0
configure:3462: result: yes
configure:3476: checking for system library directory
configure:3491: result: lib
configure:3498: checking if compiler supports -R
configure:3517: cc -o conftest -g -O2   conftest.c -R /usr/lib  >&5
warning: unknown remark option '-R' [-Wunknown-warning-option]
1 warning generated.
ld: can't map file, errno=22 file '/Applications/Xcode.app/Contents/Developer/Platforms/MacOSX.platform/Developer/SDKs/MacOSX10.12.sdk/usr/lib' for architecture x86_64
clang: error: linker command failed with exit code 1 (use -v to see invocation)
configure:3517: $? = 1
configure: failed program was:
| /* confdefs.h */
| #define PACKAGE_NAME ""
| #define PACKAGE_TARNAME ""
| #define PACKAGE_VERSION ""
| #define PACKAGE_STRING ""
| #define PACKAGE_BUGREPORT ""
| #define PACKAGE_URL ""
| /* end confdefs.h.  */
| 
| int
| main ()
| {
| 
|   ;
|   return 0;
| }
configure:3527: result: no
configure:3532: checking if compiler supports -Wl,-rpath,
configure:3551: cc -o conftest -g -O2   conftest.c -Wl,-rpath,/usr/lib  >&5
configure:3551: $? = 0
configure:3561: result: yes
configure:3606: checking build system type
configure:3620: result: x86_64-apple-darwin18.0.0
configure:3640: checking host system type
configure:3653: result: x86_64-apple-darwin18.0.0
configure:3673: checking target system type
configure:3686: result: x86_64-apple-darwin18.0.0
configure:3789: checking for PHP prefix
configure:3791: result: /usr/local
configure:3793: checking for PHP includes
configure:3795: result: -I/usr/local/include/php -I/usr/local/include/php/main -I/usr/local/include/php/TSRM -I/usr/local/include/php/Zend -I/usr/local/include/php/ext -I/usr/local/include/php/ext/date/lib
configure:3797: checking for PHP extension directory
configure:3799: result: /usr/local/lib/php/extensions/no-debug-non-zts-20170718
configure:3801: checking for PHP installed headers prefix
configure:3803: result: /usr/local/include/php
configure:3806: checking if debug is enabled
configure:3832: result: no
configure:3835: checking if zts is enabled
configure:3861: result: no
configure:3932: checking for re2c
configure:3948: found /usr/local/bin/re2c
configure:3959: result: re2c
configure:3968: checking for re2c version
configure:3982: result: 1.1.1 (ok)
configure:4001: checking for gawk
configure:4032: result: no
configure:4001: checking for nawk
configure:4032: result: no
configure:4001: checking for awk
configure:4018: found /usr/bin/awk
configure:4029: result: awk
configure:4052: checking if awk is broken
configure:4059: result: no
configure:4122: checking for FPM build
configure:6011: result: no
configure:6108: checking for ld used by cc
configure:6175: result: /Applications/Xcode.app/Contents/Developer/Toolchains/XcodeDefault.xctoolchain/usr/bin/ld
configure:6182: checking if the linker (/Applications/Xcode.app/Contents/Developer/Toolchains/XcodeDefault.xctoolchain/usr/bin/ld) is GNU ld
configure:6197: result: no
configure:6202: checking for /Applications/Xcode.app/Contents/Developer/Toolchains/XcodeDefault.xctoolchain/usr/bin/ld option to reload object files
configure:6209: result: -r
configure:6227: checking for BSD-compatible nm
configure:6276: result: /usr/bin/nm -B
configure:6280: checking whether ln -s works
configure:6284: result: yes
configure:6291: checking how to recognize dependent libraries
configure:6477: result: pass_all
configure:6697: checking dlfcn.h usability
configure:6697: cc -c -g -O2  conftest.c >&5
configure:6697: $? = 0
configure:6697: result: yes
configure:6697: checking dlfcn.h presence
configure:6697: cc -E  conftest.c
configure:6697: $? = 0
configure:6697: result: yes
configure:6697: checking for dlfcn.h
configure:6697: result: yes
configure:6719: checking the maximum length of command line arguments
configure:6831: result: 196608
configure:6843: checking command to parse /usr/bin/nm -B output from cc object
configure:6948: cc -c -g -O2  conftest.c >&5
configure:6951: $? = 0
configure:6955: /usr/bin/nm -B conftest.o \| sed -n -e 's/^.*[ 	]\([BCDEGRST][BCDEGRST]*\)[ 	][ 	]*\([_A-Za-z][_A-Za-z0-9]*\)$/\1 \2 \2/p' \> conftest.nm
configure:6958: $? = 0
cannot find nm_test_var in conftest.nm
configure:6948: cc -c -g -O2  conftest.c >&5
configure:6951: $? = 0
configure:6955: /usr/bin/nm -B conftest.o \| sed -n -e 's/^.*[ 	]\([BCDEGRST][BCDEGRST]*\)[ 	][ 	]*_\([_A-Za-z][_A-Za-z0-9]*\)$/\1 _\2 \2/p' \> conftest.nm
configure:6958: $? = 0
configure:7010: cc -o conftest -g -O2   conftest.c conftstm.o >&5
warning: (x86_64)  could not find object file symbol for symbol _main
configure:7013: $? = 0
configure:7051: result: ok
configure:7055: checking for objdir
configure:7070: result: .libs
configure:7162: checking for ar
configure:7178: found /usr/bin/ar
configure:7189: result: ar
configure:7254: checking for ranlib
configure:7270: found /usr/bin/ranlib
configure:7281: result: ranlib
configure:7346: checking for strip
configure:7362: found /usr/bin/strip
configure:7373: result: strip
configure:7626: checking for dsymutil
configure:7642: found /usr/bin/dsymutil
configure:7653: result: dsymutil
configure:7718: checking for nmedit
configure:7734: found /usr/bin/nmedit
configure:7745: result: nmedit
configure:7768: checking for -single_module linker flag
configure:7789: result: yes
configure:7791: checking for -exported_symbols_list linker flag
configure:7807: cc -o conftest -g -O2   -Wl,-exported_symbols_list,conftest.sym conftest.c  >&5
configure:7810: $? = 0
configure:7824: result: yes
configure:7942: checking if cc supports -fno-rtti -fno-exceptions
configure:7960: cc -c -g -O2  -fno-rtti -fno-exceptions conftest.c >&5
configure:7964: $? = 0
configure:7977: result: yes
configure:7992: checking for cc option to produce PIC
configure:8232: result: -fno-common
configure:8240: checking if cc PIC flag -fno-common works
configure:8258: cc -c -g -O2  -fno-common -DPIC conftest.c >&5
configure:8262: $? = 0
configure:8275: result: yes
configure:8303: checking if cc static flag -static works
configure:8331: result: no
configure:8341: checking if cc supports -c -o file.o
configure:8362: cc -c -g -O2  -o out/conftest2.o conftest.c >&5
configure:8366: $? = 0
configure:8388: result: yes
configure:8414: checking whether the cc linker (/Applications/Xcode.app/Contents/Developer/Toolchains/XcodeDefault.xctoolchain/usr/bin/ld) supports shared libraries
configure:9342: result: yes
configure:9409: checking dynamic linker characteristics
configure:10007: result: darwin18.0.0 dyld
configure:10031: checking how to hardcode library paths into programs
configure:10056: result: immediate
configure:10070: checking whether stripping libraries is possible
configure:10084: result: yes
configure:10592: checking if libtool supports shared libraries
configure:10594: result: yes
configure:10597: checking whether to build shared libraries
configure:10618: result: yes
configure:10621: checking whether to build static libraries
configure:10625: result: no
configure:10720: result:
creating libtool
configure:14418: creating ./config.status

## ---------------------- ##
## Running config.status. ##
## ---------------------- ##

This file was extended by config.status, which was
generated by GNU Autoconf 2.69.  Invocation command line was

  CONFIG_FILES    = 
  CONFIG_HEADERS  = 
  CONFIG_LINKS    = 
  CONFIG_COMMANDS = 
  $ ./config.status 

on BJ1682.local

config.status:665: creating config.h

## ---------------- ##
## Cache variables. ##
## ---------------- ##

ac_cv_build=x86_64-apple-darwin18.0.0
ac_cv_c_compiler_gnu=yes
ac_cv_env_CC_set=
ac_cv_env_CC_value=
ac_cv_env_CFLAGS_set=
ac_cv_env_CFLAGS_value=
ac_cv_env_CPPFLAGS_set=
ac_cv_env_CPPFLAGS_value=
ac_cv_env_CPP_set=
ac_cv_env_CPP_value=
ac_cv_env_LDFLAGS_set=
ac_cv_env_LDFLAGS_value=
ac_cv_env_LIBS_set=
ac_cv_env_LIBS_value=
ac_cv_env_build_alias_set=
ac_cv_env_build_alias_value=
ac_cv_env_host_alias_set=
ac_cv_env_host_alias_value=
ac_cv_env_target_alias_set=
ac_cv_env_target_alias_value=
ac_cv_header_dlfcn_h=yes
ac_cv_host=x86_64-apple-darwin18.0.0
ac_cv_objext=o
ac_cv_path_EGREP='/usr/bin/grep -E'
ac_cv_path_GREP=/usr/bin/grep
ac_cv_prog_AWK=awk
ac_cv_prog_CPP='cc -E'
ac_cv_prog_RE2C=re2c
ac_cv_prog_ac_ct_AR=ar
ac_cv_prog_ac_ct_CC=cc
ac_cv_prog_ac_ct_DSYMUTIL=dsymutil
ac_cv_prog_ac_ct_NMEDIT=nmedit
ac_cv_prog_ac_ct_RANLIB=ranlib
ac_cv_prog_ac_ct_STRIP=strip
ac_cv_prog_cc_c89=
ac_cv_prog_cc_cc_c_o=yes
ac_cv_prog_cc_g=yes
ac_cv_target=x86_64-apple-darwin18.0.0
lt_cv_apple_cc_single_mod=yes
lt_cv_deplibs_check_method=pass_all
lt_cv_file_magic_cmd='$MAGIC_CMD'
lt_cv_file_magic_test_file=
lt_cv_ld_exported_symbols_list=yes
lt_cv_ld_reload_flag=-r
lt_cv_objdir=.libs
lt_cv_path_LD=/Applications/Xcode.app/Contents/Developer/Toolchains/XcodeDefault.xctoolchain/usr/bin/ld
lt_cv_path_NM='/usr/bin/nm -B'
lt_cv_path_SED=/usr/bin/sed
lt_cv_prog_compiler_c_o=yes
lt_cv_prog_compiler_pic_works=yes
lt_cv_prog_compiler_rtti_exceptions=yes
lt_cv_prog_compiler_static_works=no
lt_cv_prog_gnu_ld=no
lt_cv_sys_global_symbol_pipe='sed -n -e '\''s/^.*[ 	]\([BCDEGRST][BCDEGRST]*\)[ 	][ 	]*_\([_A-Za-z][_A-Za-z0-9]*\)$/\1 _\2 \2/p'\'''
lt_cv_sys_global_symbol_to_c_name_address='sed -n -e '\''s/^: \([^ ]*\) $/  {\"\1\", (lt_ptr) 0},/p'\'' -e '\''s/^[BCDEGRST] \([^ ]*\) \([^ ]*\)$/  {"\2", (lt_ptr) \&\2},/p'\'''
lt_cv_sys_global_symbol_to_cdecl='sed -n -e '\''s/^. .* \(.*\)$/extern int \1;/p'\'''
lt_cv_sys_lib_dlsearch_path_spec='/usr/local/lib /lib /usr/lib'
lt_cv_sys_lib_search_path_spec='/Applications/Xcode.app/Contents/Developer/Toolchains/XcodeDefault.xctoolchain/usr/lib/clang/8.0.0 /usr/local/lib'
lt_cv_sys_max_cmd_len=196608
lt_lt_cv_prog_compiler_c_o='"yes"'
lt_lt_cv_sys_global_symbol_pipe='"sed -n -e '\''s/^.*[ 	]\\([BCDEGRST][BCDEGRST]*\\)[ 	][ 	]*_\\([_A-Za-z][_A-Za-z0-9]*\\)\$/\\1 _\\2 \\2/p'\''"'
lt_lt_cv_sys_global_symbol_to_c_name_address='"sed -n -e '\''s/^: \\([^ ]*\\) \$/  {\\\"\\1\\\", (lt_ptr) 0},/p'\'' -e '\''s/^[BCDEGRST] \\([^ ]*\\) \\([^ ]*\\)\$/  {\"\\2\", (lt_ptr) \\&\\2},/p'\''"'
lt_lt_cv_sys_global_symbol_to_cdecl='"sed -n -e '\''s/^. .* \\(.*\\)\$/extern int \\1;/p'\''"'
php_cv_cc_dashr=no
php_cv_cc_rpath=yes
php_cv_re2c_version='1.1.1 (ok)'

## ----------------- ##
## Output variables. ##
## ----------------- ##

AR='ar'
AWK='awk'
CC='cc'
CFLAGS='-g -O2'
CONFIGURE_COMMAND=' '\''./configure'\'' '
CONFIGURE_OPTIONS=''
CPP='cc -E'
CPPFLAGS=' -DHAVE_CONFIG_H'
DEFS='-DHAVE_CONFIG_H'
DSYMUTIL='dsymutil'
ECHO='/bin/echo'
ECHO_C='\c'
ECHO_N=''
ECHO_T=''
EGREP='/usr/bin/grep -E'
EXEEXT=''
GREP='/usr/bin/grep'
LDFLAGS=''
LIBOBJS=''
LIBS=''
LIBTOOL='$(SHELL) $(top_builddir)/libtool'
LN_S='ln -s'
LTLIBOBJS=''
NMEDIT='nmedit'
OBJEXT='o'
PACKAGE_BUGREPORT=''
PACKAGE_NAME=''
PACKAGE_STRING=''
PACKAGE_TARNAME=''
PACKAGE_URL=''
PACKAGE_VERSION=''
PATH_SEPARATOR=':'
PKG_CONFIG=''
RANLIB='ranlib'
RE2C='re2c'
SED='/usr/bin/sed'
SHELL='/bin/sh'
SHLIB_DL_SUFFIX_NAME='so'
SHLIB_SUFFIX_NAME='dylib'
STRIP='strip'
ac_ct_CC='cc'
bindir='${exec_prefix}/bin'
build='x86_64-apple-darwin18.0.0'
build_alias=''
build_cpu='x86_64'
build_os='darwin18.0.0'
build_vendor='apple'
datadir='${datarootdir}'
datarootdir='${prefix}/share'
docdir='${datarootdir}/doc/${PACKAGE}'
dvidir='${docdir}'
exec_prefix='$(prefix)'
host='x86_64-apple-darwin18.0.0'
host_alias='x86_64-apple-darwin18.0.0'
host_cpu='x86_64'
host_os='darwin18.0.0'
host_vendor='apple'
htmldir='${docdir}'
includedir='${prefix}/include'
infodir='${datarootdir}/info'
libdir='${exec_prefix}/lib'
libexecdir='${exec_prefix}/libexec'
localedir='${datarootdir}/locale'
localstatedir='${prefix}/var'
mandir='${datarootdir}/man'
oldincludedir='/usr/include'
pdfdir='${docdir}'
php_fpm_group=''
php_fpm_localstatedir=''
php_fpm_prefix=''
php_fpm_sysconfdir=''
php_fpm_systemd=''
php_fpm_user=''
prefix='/usr/local'
program_transform_name='s,x,x,'
psdir='${docdir}'
sbindir='${exec_prefix}/sbin'
sharedstatedir='${prefix}/com'
sysconfdir='${prefix}/etc'
target='x86_64-apple-darwin18.0.0'
target_alias=''
target_cpu='x86_64'
target_os='darwin18.0.0'
target_vendor='apple'

## ----------- ##
## confdefs.h. ##
## ----------- ##

/* confdefs.h */
#define PACKAGE_NAME ""
#define PACKAGE_TARNAME ""
#define PACKAGE_VERSION ""
#define PACKAGE_STRING ""
#define PACKAGE_BUGREPORT ""
#define PACKAGE_URL ""
#define HAVE_DLFCN_H 1

configure: exit 0
